









<!DOCTYPE html>
<html>
<head>
	<meta charset='utf-8' /> 
	<meta name='description' content='' />
	<meta name='robots' content='noodp, noydir' />
	<meta name='viewport' content='width=device-width, initial-scale=1' />
	<meta id="timeStampFormat" name="timeStampFormat" content='MMM d, yyyy hh:mm:ss a'/>
	
        <link href='https://fonts.googleapis.com/css?family=Source+Sans+Pro:400,600' rel='stylesheet' type='text/css' />
        <link href="https://fonts.googleapis.com/icon?family=Material+Icons" rel="stylesheet" />
        <link href='https://cdn.jsdelivr.net/gh/extent-framework/extent-github-cdn@ff53917fbbdb5ef820abbbe4d199a6942dc771ff/v3html/css/extent.css' type='text/css' rel='stylesheet' />
	
	<title>ExtentReports</title>

	<style type='text/css'>
		/* json-tree */
		.jstBracket,.jstComma,.jstValue{white-space:pre-wrap}.jstValue{font-size:10px;font-weight:400;font-family:"Lucida Console",Monaco,monospace}.jstProperty{color:#666;word-wrap:break-word}.jstBool{color:#2525CC}.jstNum{color:#D036D0}.jstNull{color:gray}.jstStr{color:#2DB669}.jstFold:after{content:' -';cursor:pointer}.jstExpand{white-space:normal}.jstExpand:after{content:' +';cursor:pointer}.jstFolded{white-space:normal!important}.jstHiddenBlock{display:none}
	</style>
	
	<script type="text/javascript">
		/*! json-tree - v0.2.2 - 2017-09-25, MIT LICENSE */
		var JSONTree=function(){var n={"&":"&amp;","<":"&lt;",">":"&gt;",'"':"&quot;","'":"&#x27;","/":"&#x2F;"},t=0,r=0;this.create=function(n,t){return r+=1,N(u(n,0,!1),{class:"jstValue"})};var e=function(t){return t.replace(/[&<>'"]/g,function(t){return n[t]})},s=function(){return r+"_"+t++},u=function(n,t,r){if(null===n)return f(r?t:0);switch(typeof n){case"boolean":return l(n,r?t:0);case"number":return i(n,r?t:0);case"string":return o(n,r?t:0);default:return n instanceof Array?a(n,t,r):c(n,t,r)}},c=function(n,t,r){var e=s(),u=Object.keys(n).map(function(r){return j(r,n[r],t+1,!0)}).join(m()),c=[g("{",r?t:0,e),N(u,{id:e}),p("}",t)].join("\n");return N(c,{})},a=function(n,t,r){var e=s(),c=n.map(function(n){return u(n,t+1,!0)}).join(m());return[g("[",r?t:0,e),N(c,{id:e}),p("]",t)].join("\n")},o=function(n,t){var r=e(JSON.stringify(n));return N(v(r,t),{class:"jstStr"})},i=function(n,t){return N(v(n,t),{class:"jstNum"})},l=function(n,t){return N(v(n,t),{class:"jstBool"})},f=function(n){return N(v("null",n),{class:"jstNull"})},j=function(n,t,r){var s=v(e(JSON.stringify(n))+": ",r),c=N(u(t,r,!1),{});return N(s+c,{class:"jstProperty"})},m=function(){return N(",\n",{class:"jstComma"})},N=function(n,t){return d("span",t,n)},d=function(n,t,r){return"<"+n+Object.keys(t).map(function(n){return" "+n+'="'+t[n]+'"'}).join("")+">"+r+"</"+n+">"},g=function(n,t,r){return N(v(n,t),{class:"jstBracket"})+N("",{class:"jstFold",onclick:"JSONTree.toggle('"+r+"')"})};this.toggle=function(n){var t=document.getElementById(n),r=t.parentNode,e=t.previousElementSibling;""===t.className?(t.className="jstHiddenBlock",r.className="jstFolded",e.className="jstExpand"):(t.className="",r.className="",e.className="jstFold")};var p=function(n,t){return N(v(n,t),{})},v=function(n,t){return Array(2*t+1).join(" ")+n};return this}();
	</script>
</head>
	<body class='extent standard default hide-overflow bdd-report'>
		<div id='theme-selector' alt='Click to toggle theme. To enable by default, use theme configuration.' title='Click to toggle theme. To enable by default, use theme configuration.'>
			<span><i class='material-icons'>desktop_windows</i></span>
		</div>
<nav>
	<div class="nav-wrapper">
		<a href="#!" class="brand-logo black"><img src="https://cdn.rawgit.com/extent-framework/extent-github-cdn/d74480e/commons/img/logo.png"></a>
		<!-- slideout menu -->
		<ul id='slide-out' class='side-nav fixed hide-on-med-and-down'>
			<li class='waves-effect active'><a href='#!' view='test-view' onclick="configureView(0);chartsView('test');"><i class='material-icons'>dashboard</i></a></li>
						<li class='waves-effect'><a href='#!' view='category-view' onclick="configureView(1)"><i class='material-icons'>label_outline</i></a></li>
			<li class='waves-effect'><a href='#!' view='exception-view' onclick="configureView(2)"><i class='material-icons'>bug_report</i></a></li>
			<li class='waves-effect'><a href='#!' onclick="configureView(-1);chartsView('dashboard');" view='dashboard-view'><i class='material-icons'>track_changes</i></a></li>
		</ul>
		<!-- report name -->
		<span class='report-name'>ExtentReports</span>
		<!-- report headline -->
		<span class='report-headline'></span>
		<!-- nav-right -->
		<ul id='nav-mobile' class='right hide-on-med-and-down nav-right'>
			<a href='#!'>
			<span class='label blue darken-3 suite-start-time'>Oct 14, 2021 11:28:49 AM</span>
			</a>
		</ul>
	</div>
</nav>		<!-- container -->
		<div class='container'>
<div id='test-view' class='view'>
	<section id='controls'>
		<div class='controls grey lighten-4'>
			<!-- test toggle -->
			<div class='chip transparent'>
				<a class='dropdown-button tests-toggle' data-activates='tests-toggle' data-constrainwidth='true' data-beloworigin='true' data-hover='true' href='#'>
				<i class='material-icons'>warning</i> Status
				</a>
				<ul id='tests-toggle' class='dropdown-content'>
										<li status='pass'><a href='#!'>Pass <i class='material-icons green-text'>check_circle</i></a></li>
					<li status='fail'><a href='#!'>Fail <i class='material-icons red-text'>cancel</i></a></li>
					<li status='skip'><a href='#!'>Skip <i class='material-icons cyan-text'>redo</i></a></li>
					<li class='divider'></li>
					<li status='clear' clear='true'><a href='#!'>Clear Filters <i class='material-icons'>clear</i></a></li>
				</ul>
			</div>
			<!-- test toggle -->
			<!-- category toggle -->
			<div class='chip transparent'>
				<a class='dropdown-button category-toggle' data-activates='category-toggle' data-constrainwidth='false' data-beloworigin='true' data-hover='true' href='#'>
				<i class='material-icons'>local_offer</i> Category
				</a>
				<ul id='category-toggle' class='dropdown-content'>
					<li><a href='#'>@Write-Off</a></li>
					<li><a href='#'>@Agent-Appointment</a></li>
					<li><a href='#'>@Lien-Imposition</a></li>
					<li><a href='#'>@Distraint-Action</a></li>
					<li><a href='#'>@Distraint-Action-reject</a></li>
					<li><a href='#'>@Enforcement-Suspension</a></li>
					<li><a href='#'>@Legal-Action</a></li>
					<li><a href='#'>@Agent-Appointment-close</a></li>
					<li><a href='#'>@Verification_of_debt</a></li>
					<li><a href='#'>@SUC:08-01</a></li>
					<li><a href='#'>@UAT_M8-08-01-01</a></li>
					<li><a href='#'>@UAT_M8-08-01-02</a></li>
					<li><a href='#'>@Debt-Officer</a></li>
					<li><a href='#'>@boom</a></li>
					<li><a href='#'>@taxCollector</a></li>
					<li><a href='#'>@stationmanager</a></li>
					<li><a href='#'>@DeputyComOp</a></li>
					<li><a href='#'>@DomTaxCom</a></li>
					<li><a href='#'>@ComGen</a></li>
					<li><a href='#'>@debtofficer</a></li>
					<li class='divider'></li>
					<li class='clear'><a href='#!' clear='true'>Clear Filters</a></li>
				</ul>
			</div>
			<!-- category toggle -->
			<!-- clear filters -->
			<div class='chip transparent hide'>
				<a class='' id='clear-filters' alt='Clear Filters' title='Clear Filters'>
				<i class='material-icons'>close</i> Clear
				</a>
			</div>
			<!-- clear filters -->
			<!-- enable dashboard -->
			<div id='toggle-test-view-charts' class='chip transparent'>
				<a class='pink-text' id='enable-dashboard' alt='Enable Dashboard' title='Enable Dashboard'>
				<i class='material-icons'>track_changes</i> Dashboard
				</a>
			</div>
			<!-- enable dashboard -->
			<!-- search -->
			<div class='chip transparent' alt='Search Tests' title='Search Tests'>
				<a href="#" class='search-div'>
				<i class='material-icons'>search</i> Search
				</a>
				<div class='input-field left hide'>
					<input id='search-tests' type='text' class='validate browser-default' placeholder='Search Tests...'>
				</div>
			</div>
			<!-- search -->
		</div>
	</section>
<div id='test-view-charts' class='subview-full'>
    <div id='charts-row' class='row nm-v nm-h'>
        <div class='col s12 m4 l4 np-h'>
            <div class='card-panel nm-v'>
                <div class='left panel-name'>Features</div>
                <div class='chart-box' style="max-height:94px;">
                    <canvas id='parent-analysis' width='90' height='70'></canvas>
                </div>
                <div class='block text-small'>
                    <span class='tooltipped' data-position='top' data-tooltip='50%'><span class='strong'>1</span> feature(s) passed</span>
                </div>
                <div class='block text-small'>
                    <span class='strong tooltipped' data-position='top' data-tooltip='50%'>1</span> feature(s) failed, <span class='strong tooltipped' data-position='top' data-tooltip='0%'>0</span> skipped
                </div>
            </div>
        </div>
        <div class='col s12 m4 l4 np-h'>
            <div class='card-panel nm-v'>
                <div class='left panel-name'>Scenarios</div>
                <div class='chart-box' style="max-height:94px;">
                    <canvas id='child-analysis' width='90' height='70'></canvas>
                </div>
                <div class='block text-small'>
                    <span class='tooltipped' data-position='top' data-tooltip='11.111%'><span class='strong'>1</span> scenario(s) passed</span>
                </div>
                <div class='block text-small'>
                    <span class='strong tooltipped' data-position='top' data-tooltip='88.889%'>8</span> scenario(s) failed, 
                    <span class='strong tooltipped' data-position='top' data-tooltip='0%'>0</span> skipped, 
                    <span class='strong tooltipped' data-position='top' data-tooltip='0%'>0</span> others
                </div>
            </div>
        </div>
        <div class='col s12 m4 l4 np-h'>
            <div class='card-panel nm-v'>
                <div class='left panel-name'>Steps</div>
                <div class='chart-box' style="max-height:94px;">
                    <canvas id='grandchild-analysis' width='90' height='70'></canvas>
                </div>
                <div class='block text-small'>
                    <span class='tooltipped' data-position='top' data-tooltip='34.459%'><span class='strong'>51</span> step(s) passed</span>
                </div>
                <div class='block text-small'>
                    <span class='strong tooltipped' data-position='top' data-tooltip='8.108%'>12</span> scenario(s) failed, 
                    <span class='strong tooltipped' data-position='top' data-tooltip='57.432%'>85</span> skipped, 
                    <span class='strong tooltipped' data-position='top' data-tooltip='57.432%'>0</span> others
                </div>
            </div>
        </div>
    </div>
    <div id="timeline-chart" class="row nm-v nm-h">
        <div class="col s12 m12 l12 np-h">
            <div class="card-panel">
                <div class='left panel-name'>Timeline (seconds)</div>
                <div class="chart-box" style="width:98%;max-height:145px;">
                    <canvas id="timeline" height="120"></canvas>
                </div>
            </div>
        </div>
    </div>
</div>	<div class='subview-left left'>
		<div class='view-summary'>
			<ul id='test-collection' class='test-collection'>
				<li class='test displayed active has-leaf pass' status='pass' bdd='true' test-id='1'>
					<div class='test-heading'>
						<span class='test-name'>[SUC:08-03]-Create Debt Management Case</span>
						<span class='test-time'>Oct 14, 2021 11:28:51 AM</span>
						<span class='test-status right pass'>pass</span>
					</div>
					<div class='test-content hide'>
<div class="sr-filters bdd-filters">
	<a class="btn-floating waves-effect waves-light pass green" title="pass"><i class='material-icons'>check_circle</i></a>
	<a class="btn-floating waves-effect waves-light fail red" title="fail"><i class='material-icons'>cancel</i></a>
	<a class="btn-floating waves-effect waves-light skip blue" title="skip"><i class='material-icons'>redo</i></a>
	<a class="btn-floating waves-effect waves-light clear grey" title="clear"><i class='material-icons'>clear</i></a>
</div>
<div class='scenario node' test-id='2' status='pass'>
	<div class='category-list'>
		<span class='category label'>@Write-Off</span>
		<span class='category label'>@Agent-Appointment</span>
		<span class='category label'>@Lien-Imposition</span>
		<span class='category label'>@Distraint-Action</span>
		<span class='category label'>@Distraint-Action-reject</span>
		<span class='category label'>@Enforcement-Suspension</span>
		<span class='category label'>@Legal-Action</span>
		<span class='category label'>@Agent-Appointment-close</span>
		<span class='category label'>@Verification_of_debt</span>
		<span class='category label'>@SUC:08-01</span>
		<span class='category label'>@UAT_M8-08-01-01</span>
		<span class='category label'>@UAT_M8-08-01-02</span>
	</div>
	<span class='duration right label'>0h 1m 20s+765ms</span>
	<div class="bdd-test">
		<div class="scenario-name"><span class='status pass' title='pass'><i class='material-icons'>check_circle</i></span> Scenario: UAT_M8-08-01-01-Verify the process of installment agreement-Organization</div>
	</div>
	<ul class='steps'>
		<li test-id='5' class='node given pass' status='pass'>
			<div class="step-name" title="StepDefinitions.stepDefinitions.user_navigates_to_the_login_page()"><span class='status pass' title='pass'><i class='material-icons'>check_circle</i></span>Given User navigates to the login page</div>
			<div class="node-step"></div>
		</li>
		<li test-id='6' class='node then pass' status='pass'>
			<div class="step-name" title="StepDefinitions.stepDefinitions.enters_the_username_something_and_password_something_to_login(java.lang.String,java.lang.String)"><span class='status pass' title='pass'><i class='material-icons'>check_circle</i></span>Then Enters the username "tripsuser" and password "Passw0rd" to login</div>
			<div class="node-step"></div>
		</li>
		<li test-id='7' class='node and pass' status='pass'>
			<div class="step-name" title="StepDefinitions.stepDefinitions.click_on_debt_management_create_debt_management_case()"><span class='status pass' title='pass'><i class='material-icons'>check_circle</i></span>And Click on debt management > Create debt management case</div>
			<div class="node-step"></div>
		</li>
		<li test-id='8' class='node and pass' status='pass'>
			<div class="step-name" title="StepDefinitions.stepDefinitions.enter_something_and_click_search(java.lang.String)"><span class='status pass' title='pass'><i class='material-icons'>check_circle</i></span>And enter "P0102627" and click search</div>
			<div class="node-step"></div>
		</li>
		<li test-id='9' class='node then pass' status='pass'>
			<div class="step-name" title="StepDefinitions.stepDefinitions.create_debt_management_case_window_is_placed()"><span class='status pass' title='pass'><i class='material-icons'>check_circle</i></span>Then CREATE DEBT MANAGEMENT CASE window is placed</div>
			<div class="node-step"></div>
		</li>
		<li test-id='10' class='node when pass' status='pass'>
			<div class="step-name" title="StepDefinitions.stepDefinitions.the_user_enters_taxtype_something_and_value_of_debt_something_return_tpe_and_period_something(java.lang.String,java.lang.String,java.lang.String)"><span class='status pass' title='pass'><i class='material-icons'>check_circle</i></span>When the user enters taxtype "PAYE" and value of debt "1000" return tpe and period "1/2022"</div>
			<div class="node-step"></div>
		</li>
		<li test-id='11' class='node when pass' status='pass'>
			<div class="step-name" title="StepDefinitions.stepDefinitions.user_enters_case_title_something_and_office_something(java.lang.String,java.lang.String)"><span class='status pass' title='pass'><i class='material-icons'>check_circle</i></span>When User enters Case Title "testDebt case" and Office "Balaka"</div>
			<div class="node-step"></div>
		</li>
		<li test-id='12' class='node then pass' status='pass'>
			<div class="step-name" title="StepDefinitions.stepDefinitions.verify_message_something(java.lang.String)"><span class='status pass' title='pass'><i class='material-icons'>check_circle</i></span>Then Verify message "Processing Completed - Reference Number"</div>
			<div class="node-step"></div>
		</li>
		<li test-id='13' class='node then pass' status='pass'>
			<div class="step-name" title="StepDefinitions.stepDefinitions.verify_the_ARN_number_ARN(java.lang.String)"><span class='status pass' title='pass'><i class='material-icons'>check_circle</i></span>Then Verify the ARN number "<ARN>"</div>
			<div class="node-step"></div>
		</li>
	</ul>
</div>
					</div>
				</li>
				<li class='test displayed active has-leaf fail' status='fail' bdd='true' test-id='16'>
					<div class='test-heading'>
						<span class='test-name'>[SUC:08-02] Maintain Debt Management Case</span>
						<span class='test-time'>Oct 14, 2021 11:30:13 AM</span>
						<span class='test-status right fail'>fail</span>
					</div>
					<div class='test-content hide'>
<div class="sr-filters bdd-filters">
	<a class="btn-floating waves-effect waves-light pass green" title="pass"><i class='material-icons'>check_circle</i></a>
	<a class="btn-floating waves-effect waves-light fail red" title="fail"><i class='material-icons'>cancel</i></a>
	<a class="btn-floating waves-effect waves-light skip blue" title="skip"><i class='material-icons'>redo</i></a>
	<a class="btn-floating waves-effect waves-light clear grey" title="clear"><i class='material-icons'>clear</i></a>
</div>
<div class='scenario node' test-id='17' status='fail'>
	<div class='category-list'>
		<span class='category label'>@Debt-Officer</span>
		<span class='category label'>@Write-Off</span>
	</div>
	<span class='duration right label'>0h 0m 37s+619ms</span>
	<div class="bdd-test">
		<div class="scenario-name"><span class='status fail' title='fail'><i class='material-icons'>cancel</i></span> Scenario: UAT_M8_08-02-10-Verify the Process of Validation Failed - Write-Off -Debt-Officer</div>
	</div>
	<ul class='steps'>
		<li test-id='20' class='node given pass' status='pass'>
			<div class="step-name" title="StepDefinitions.stepDefinitions.open_crm_url_module_as_something(java.lang.String)"><span class='status pass' title='pass'><i class='material-icons'>check_circle</i></span>Given Open CRM URL Module as "DebtOfficer1"</div>
			<div class="node-step"></div>
		</li>
		<li test-id='21' class='node and pass' status='pass'>
			<div class="step-name" title="StepDefinitions.stepDefinitions.close_Popup_Window()"><span class='status pass' title='pass'><i class='material-icons'>check_circle</i></span>And Close Popup Window</div>
			<div class="node-step"></div>
		</li>
		<li test-id='22' class='node and fail' status='fail'>
			<div class="step-name" title="StepDefinitions.stepDefinitions.click_on_case_management_dropdown()"><span class='status fail' title='fail'><i class='material-icons'>cancel</i></span>And Click on Case management dropdown</div>
			<textarea disabled class="code-block">org.openqa.selenium.WebDriverException: unknown error: session deleted because of page crash
from unknown error: cannot determine loading status
from tab crashed
  (Session info: chrome=94.0.4606.81)
Build info: version: '3.141.59', revision: 'e82be7d358', time: '2018-11-14T08:17:03'
System info: host: 'DESKTOP-1PQR32V', ip: '172.16.16.26', os.name: 'Windows 10', os.arch: 'amd64', os.version: '10.0', java.version: '16.0.1'
Driver info: org.openqa.selenium.chrome.ChromeDriver
Capabilities {acceptInsecureCerts: false, browserName: chrome, browserVersion: 94.0.4606.81, chrome: {chromedriverVersion: 94.0.4606.61 (418b78f5838ed..., userDataDir: C:\Users\maxma\AppData\Loca...}, goog:chromeOptions: {debuggerAddress: localhost:56851}, javascriptEnabled: true, networkConnectionEnabled: false, pageLoadStrategy: normal, platform: WINDOWS, platformName: WINDOWS, proxy: Proxy(), setWindowRect: true, strictFileInteractability: false, timeouts: {implicit: 0, pageLoad: 300000, script: 30000}, unhandledPromptBehavior: dismiss and notify, webauthn:extension:credBlob: true, webauthn:extension:largeBlob: true, webauthn:virtualAuthenticators: true}
Session ID: 428250b883aebfb345d5df057cff2d6a
*** Element info: {Using=xpath, value=//*[@id="TabCS"]/a}
	at java.base/jdk.internal.reflect.NativeConstructorAccessorImpl.newInstance0(Native Method)
	at java.base/jdk.internal.reflect.NativeConstructorAccessorImpl.newInstance(NativeConstructorAccessorImpl.java:78)
	at java.base/jdk.internal.reflect.DelegatingConstructorAccessorImpl.newInstance(DelegatingConstructorAccessorImpl.java:45)
	at java.base/java.lang.reflect.Constructor.newInstanceWithCaller(Constructor.java:499)
	at java.base/java.lang.reflect.Constructor.newInstance(Constructor.java:480)
	at org.openqa.selenium.remote.http.W3CHttpResponseCodec.createException(W3CHttpResponseCodec.java:187)
	at org.openqa.selenium.remote.http.W3CHttpResponseCodec.decode(W3CHttpResponseCodec.java:122)
	at org.openqa.selenium.remote.http.W3CHttpResponseCodec.decode(W3CHttpResponseCodec.java:49)
	at org.openqa.selenium.remote.HttpCommandExecutor.execute(HttpCommandExecutor.java:158)
	at org.openqa.selenium.remote.service.DriverCommandExecutor.execute(DriverCommandExecutor.java:83)
	at org.openqa.selenium.remote.RemoteWebDriver.execute(RemoteWebDriver.java:552)
	at org.openqa.selenium.remote.RemoteWebDriver.findElement(RemoteWebDriver.java:323)
	at org.openqa.selenium.remote.RemoteWebDriver.findElementByXPath(RemoteWebDriver.java:428)
	at org.openqa.selenium.By$ByXPath.findElement(By.java:353)
	at org.openqa.selenium.remote.RemoteWebDriver.findElement(RemoteWebDriver.java:315)
	at org.openqa.selenium.support.ui.ExpectedConditions$7.apply(ExpectedConditions.java:205)
	at org.openqa.selenium.support.ui.ExpectedConditions$7.apply(ExpectedConditions.java:201)
	at org.openqa.selenium.support.ui.FluentWait.until(FluentWait.java:249)
	at StepDefinitions.stepDefinitions.click_on_case_management_dropdown(stepDefinitions.java:210)
	at ✽.Click on Case management dropdown(file:///I:/work/TBL-MRA-DEBT/src/test/resources/FeatureFiles/b_Write-Off-Maintain%20Debt%20Management%20Case.feature:7)
</textarea>
		</li>
		<li test-id='23' class='node and skip' status='skip'>
			<div class="step-name" title="StepDefinitions.stepDefinitions.click_on_revenue_collection_application()"><span class='status skip' title='skip'><i class='material-icons'>redo</i></span>And click on Queues</div>
			<div class="node-step">Step skipped</div>
		</li>
		<li test-id='24' class='node then skip' status='skip'>
			<div class="step-name" title="StepDefinitions.stepDefinitions.switch_to_frame0()"><span class='status skip' title='skip'><i class='material-icons'>redo</i></span>Then switch to frame0</div>
			<div class="node-step">Step skipped</div>
		</li>
		<li test-id='25' class='node and skip' status='skip'>
			<div class="step-name" title="StepDefinitions.stepDefinitions.enters_exemption_reference_number_in_search_results()"><span class='status skip' title='skip'><i class='material-icons'>redo</i></span>And enters Debt reference number in search results</div>
			<div class="node-step">Step skipped</div>
		</li>
		<li test-id='26' class='node and skip' status='skip'>
			<div class="step-name" title="StepDefinitions.stepDefinitions.picks_the_audit_case()"><span class='status skip' title='skip'><i class='material-icons'>redo</i></span>And picks the audit case</div>
			<div class="node-step">Step skipped</div>
		</li>
		<li test-id='27' class='node and skip' status='skip'>
			<div class="step-name" title="StepDefinitions.stepDefinitions.click_pick_button()"><span class='status skip' title='skip'><i class='material-icons'>redo</i></span>And click pick button</div>
			<div class="node-step">Step skipped</div>
		</li>
		<li test-id='28' class='node then skip' status='skip'>
			<div class="step-name" title="StepDefinitions.stepDefinitions.switch_to_frame0()"><span class='status skip' title='skip'><i class='material-icons'>redo</i></span>Then switch to frame0</div>
			<div class="node-step">Step skipped</div>
		</li>
		<li test-id='29' class='node then skip' status='skip'>
			<div class="step-name" title="StepDefinitions.stepDefinitions.click_on_reference_number()"><span class='status skip' title='skip'><i class='material-icons'>redo</i></span>Then Click on reference number</div>
			<div class="node-step">Step skipped</div>
		</li>
		<li test-id='30' class='node then skip' status='skip'>
			<div class="step-name" title="StepDefinitions.stepDefinitions.application_status_should_be_something(java.lang.String)"><span class='status skip' title='skip'><i class='material-icons'>redo</i></span>Then Debt status should be "New"</div>
			<div class="node-step">Step skipped</div>
		</li>
		<li test-id='31' class='node and skip' status='skip'>
			<div class="step-name" title="StepDefinitions.stepDefinitions.wait_for_duplicate_check(java.lang.String)"><span class='status skip' title='skip'><i class='material-icons'>redo</i></span>And wait for plan to load "Total Debt:"</div>
			<div class="node-step">Step skipped</div>
		</li>
		<li test-id='32' class='node and skip' status='skip'>
			<div class="step-name" title="StepDefinitions.stepDefinitions.clicks_submit_button()"><span class='status skip' title='skip'><i class='material-icons'>redo</i></span>And clicks Submit button</div>
			<div class="node-step">Step skipped</div>
		</li>
		<li test-id='33' class='node then skip' status='skip'>
			<div class="step-name" title="StepDefinitions.stepDefinitions.switch_to_frame1()"><span class='status skip' title='skip'><i class='material-icons'>redo</i></span>Then switch to frame1</div>
			<div class="node-step">Step skipped</div>
		</li>
		<li test-id='34' class='node then skip' status='skip'>
			<div class="step-name" title="StepDefinitions.stepDefinitions.validation_error_displayed_something(java.lang.String)"><span class='status skip' title='skip'><i class='material-icons'>redo</i></span>Then validation error displayed " This field can not be empty. "</div>
			<div class="node-step">Step skipped</div>
		</li>
		<li test-id='35' class='node * fail' status='fail'>
			<div class="step-name" title=""><span class='status fail' title='fail'><i class='material-icons'>cancel</i></span>StepDefinitions.Hooks.AftersaveScreenshot(io.cucumber.java.Scenario)</div>
			<textarea disabled class="code-block">org.openqa.selenium.NoSuchSessionException: invalid session id
Build info: version: '3.141.59', revision: 'e82be7d358', time: '2018-11-14T08:17:03'
System info: host: 'DESKTOP-1PQR32V', ip: '172.16.16.26', os.name: 'Windows 10', os.arch: 'amd64', os.version: '10.0', java.version: '16.0.1'
Driver info: org.openqa.selenium.chrome.ChromeDriver
Capabilities {acceptInsecureCerts: false, browserName: chrome, browserVersion: 94.0.4606.81, chrome: {chromedriverVersion: 94.0.4606.61 (418b78f5838ed..., userDataDir: C:\Users\maxma\AppData\Loca...}, goog:chromeOptions: {debuggerAddress: localhost:56851}, javascriptEnabled: true, networkConnectionEnabled: false, pageLoadStrategy: normal, platform: WINDOWS, platformName: WINDOWS, proxy: Proxy(), setWindowRect: true, strictFileInteractability: false, timeouts: {implicit: 0, pageLoad: 300000, script: 30000}, unhandledPromptBehavior: dismiss and notify, webauthn:extension:credBlob: true, webauthn:extension:largeBlob: true, webauthn:virtualAuthenticators: true}
Session ID: 428250b883aebfb345d5df057cff2d6a
	at java.base/jdk.internal.reflect.NativeConstructorAccessorImpl.newInstance0(Native Method)
	at java.base/jdk.internal.reflect.NativeConstructorAccessorImpl.newInstance(NativeConstructorAccessorImpl.java:78)
	at java.base/jdk.internal.reflect.DelegatingConstructorAccessorImpl.newInstance(DelegatingConstructorAccessorImpl.java:45)
	at java.base/java.lang.reflect.Constructor.newInstanceWithCaller(Constructor.java:499)
	at java.base/java.lang.reflect.Constructor.newInstance(Constructor.java:480)
	at org.openqa.selenium.remote.http.W3CHttpResponseCodec.createException(W3CHttpResponseCodec.java:187)
	at org.openqa.selenium.remote.http.W3CHttpResponseCodec.decode(W3CHttpResponseCodec.java:122)
	at org.openqa.selenium.remote.http.W3CHttpResponseCodec.decode(W3CHttpResponseCodec.java:49)
	at org.openqa.selenium.remote.HttpCommandExecutor.execute(HttpCommandExecutor.java:158)
	at org.openqa.selenium.remote.service.DriverCommandExecutor.execute(DriverCommandExecutor.java:83)
	at org.openqa.selenium.remote.RemoteWebDriver.execute(RemoteWebDriver.java:552)
	at org.openqa.selenium.remote.RemoteWebDriver.execute(RemoteWebDriver.java:609)
	at org.openqa.selenium.remote.RemoteWebDriver.getScreenshotAs(RemoteWebDriver.java:295)
	at StepDefinitions.Hooks.AftersaveScreenshot(Hooks.java:40)
</textarea>
		</li>
	</ul>
</div>
<div class='scenario node' test-id='37' status='fail'>
	<div class='category-list'>
		<span class='category label'>@Write-Off</span>
		<span class='category label'>@boom</span>
	</div>
	<span class='duration right label'>0h 3m 24s+207ms</span>
	<div class="bdd-test">
		<div class="scenario-name"><span class='status fail' title='fail'><i class='material-icons'>cancel</i></span> Scenario: UAT_M8_08-02-01-UAT_M8_08-02-02-Verify the Process of Escalated Case - Write-Off -Debt-Officer</div>
	</div>
	<ul class='steps'>
		<li test-id='40' class='node given pass' status='pass'>
			<div class="step-name" title="StepDefinitions.stepDefinitions.open_crm_url_module_as_something(java.lang.String)"><span class='status pass' title='pass'><i class='material-icons'>check_circle</i></span>Given Open CRM URL Module as "DebtOfficer1"</div>
			<div class="node-step"></div>
		</li>
		<li test-id='41' class='node and pass' status='pass'>
			<div class="step-name" title="StepDefinitions.stepDefinitions.close_Popup_Window()"><span class='status pass' title='pass'><i class='material-icons'>check_circle</i></span>And Close Popup Window</div>
			<div class="node-step"></div>
		</li>
		<li test-id='42' class='node and pass' status='pass'>
			<div class="step-name" title="StepDefinitions.stepDefinitions.click_on_case_management_dropdown()"><span class='status pass' title='pass'><i class='material-icons'>check_circle</i></span>And Click on Case management dropdown</div>
			<div class="node-step"></div>
		</li>
		<li test-id='43' class='node and pass' status='pass'>
			<div class="step-name" title="StepDefinitions.stepDefinitions.click_on_revenue_collection_application()"><span class='status pass' title='pass'><i class='material-icons'>check_circle</i></span>And click on Queues</div>
			<div class="node-step"></div>
		</li>
		<li test-id='44' class='node then pass' status='pass'>
			<div class="step-name" title="StepDefinitions.stepDefinitions.switch_to_frame0()"><span class='status pass' title='pass'><i class='material-icons'>check_circle</i></span>Then switch to frame0</div>
			<div class="node-step"></div>
		</li>
		<li test-id='45' class='node and pass' status='pass'>
			<div class="step-name" title="StepDefinitions.stepDefinitions.enters_exemption_reference_number_in_search_results()"><span class='status pass' title='pass'><i class='material-icons'>check_circle</i></span>And enters Debt reference number in search results</div>
			<div class="node-step"></div>
		</li>
		<li test-id='46' class='node and pass' status='pass'>
			<div class="step-name" title="StepDefinitions.stepDefinitions.picks_the_audit_case()"><span class='status pass' title='pass'><i class='material-icons'>check_circle</i></span>And picks the audit case</div>
			<div class="node-step"></div>
		</li>
		<li test-id='47' class='node then pass' status='pass'>
			<div class="step-name" title="StepDefinitions.stepDefinitions.switch_to_frame0()"><span class='status pass' title='pass'><i class='material-icons'>check_circle</i></span>Then switch to frame0</div>
			<div class="node-step"></div>
		</li>
		<li test-id='48' class='node then pass' status='pass'>
			<div class="step-name" title="StepDefinitions.stepDefinitions.click_on_reference_number()"><span class='status pass' title='pass'><i class='material-icons'>check_circle</i></span>Then Click on reference number</div>
			<div class="node-step"></div>
		</li>
		<li test-id='49' class='node then pass' status='pass'>
			<div class="step-name" title="StepDefinitions.stepDefinitions.application_status_should_be_something(java.lang.String)"><span class='status pass' title='pass'><i class='material-icons'>check_circle</i></span>Then Debt status should be "New"</div>
			<div class="node-step"></div>
		</li>
		<li test-id='50' class='node and fail' status='fail'>
			<div class="step-name" title="StepDefinitions.stepDefinitions.wait_for_duplicate_check(java.lang.String)"><span class='status fail' title='fail'><i class='material-icons'>cancel</i></span>And wait for plan to load "Total Debt:"</div>
			<textarea disabled class="code-block">org.openqa.selenium.TimeoutException: Expected condition failed: waiting for visibility of element located by By.xpath: //label[text()='Total Debt:'] (tried for 100 second(s) with 500 milliseconds interval)
	at org.openqa.selenium.support.ui.WebDriverWait.timeoutException(WebDriverWait.java:95)
	at org.openqa.selenium.support.ui.FluentWait.until(FluentWait.java:272)
	at StepDefinitions.stepDefinitions.wait_for_duplicate_check(stepDefinitions.java:302)
	at ✽.wait for plan to load "Total Debt:"(file:///I:/work/TBL-MRA-DEBT/src/test/resources/FeatureFiles/b_Write-Off-Maintain%20Debt%20Management%20Case.feature:35)
Caused by: org.openqa.selenium.NoSuchElementException: no such element: Unable to locate element: {"method":"xpath","selector":"//label[text()='Total Debt:']"}
  (Session info: chrome=94.0.4606.81)
For documentation on this error, please visit: https://www.seleniumhq.org/exceptions/no_such_element.html
Build info: version: '3.141.59', revision: 'e82be7d358', time: '2018-11-14T08:17:03'
System info: host: 'DESKTOP-1PQR32V', ip: '172.16.16.26', os.name: 'Windows 10', os.arch: 'amd64', os.version: '10.0', java.version: '16.0.1'
Driver info: org.openqa.selenium.chrome.ChromeDriver
Capabilities {acceptInsecureCerts: false, browserName: chrome, browserVersion: 94.0.4606.81, chrome: {chromedriverVersion: 94.0.4606.61 (418b78f5838ed..., userDataDir: C:\Users\maxma\AppData\Loca...}, goog:chromeOptions: {debuggerAddress: localhost:54813}, javascriptEnabled: true, networkConnectionEnabled: false, pageLoadStrategy: normal, platform: WINDOWS, platformName: WINDOWS, proxy: Proxy(), setWindowRect: true, strictFileInteractability: false, timeouts: {implicit: 0, pageLoad: 300000, script: 30000}, unhandledPromptBehavior: dismiss and notify, webauthn:extension:credBlob: true, webauthn:extension:largeBlob: true, webauthn:virtualAuthenticators: true}
Session ID: 1c23ae8ee25ebe2b005269dfad286768
*** Element info: {Using=xpath, value=//label[text()='Total Debt:']}
	at jdk.internal.reflect.GeneratedConstructorAccessor12.newInstance(Unknown Source)
	at java.base/jdk.internal.reflect.DelegatingConstructorAccessorImpl.newInstance(DelegatingConstructorAccessorImpl.java:45)
	at java.base/java.lang.reflect.Constructor.newInstanceWithCaller(Constructor.java:499)
	at java.base/java.lang.reflect.Constructor.newInstance(Constructor.java:480)
	at org.openqa.selenium.remote.http.W3CHttpResponseCodec.createException(W3CHttpResponseCodec.java:187)
	at org.openqa.selenium.remote.http.W3CHttpResponseCodec.decode(W3CHttpResponseCodec.java:122)
	at org.openqa.selenium.remote.http.W3CHttpResponseCodec.decode(W3CHttpResponseCodec.java:49)
	at org.openqa.selenium.remote.HttpCommandExecutor.execute(HttpCommandExecutor.java:158)
	at org.openqa.selenium.remote.service.DriverCommandExecutor.execute(DriverCommandExecutor.java:83)
	at org.openqa.selenium.remote.RemoteWebDriver.execute(RemoteWebDriver.java:552)
	at org.openqa.selenium.remote.RemoteWebDriver.findElement(RemoteWebDriver.java:323)
	at org.openqa.selenium.remote.RemoteWebDriver.findElementByXPath(RemoteWebDriver.java:428)
	at org.openqa.selenium.By$ByXPath.findElement(By.java:353)
	at org.openqa.selenium.remote.RemoteWebDriver.findElement(RemoteWebDriver.java:315)
	at org.openqa.selenium.support.ui.ExpectedConditions$7.apply(ExpectedConditions.java:205)
	at org.openqa.selenium.support.ui.ExpectedConditions$7.apply(ExpectedConditions.java:201)
	at org.openqa.selenium.support.ui.FluentWait.until(FluentWait.java:249)
	at StepDefinitions.stepDefinitions.wait_for_duplicate_check(stepDefinitions.java:302)
	at java.base/jdk.internal.reflect.NativeMethodAccessorImpl.invoke0(Native Method)
	at java.base/jdk.internal.reflect.NativeMethodAccessorImpl.invoke(NativeMethodAccessorImpl.java:78)
	at java.base/jdk.internal.reflect.DelegatingMethodAccessorImpl.invoke(DelegatingMethodAccessorImpl.java:43)
	at java.base/java.lang.reflect.Method.invoke(Method.java:567)
	at io.cucumber.java.Invoker.doInvoke(Invoker.java:66)
	at io.cucumber.java.Invoker.invoke(Invoker.java:24)
	at io.cucumber.java.AbstractGlueDefinition.invokeMethod(AbstractGlueDefinition.java:44)
	at io.cucumber.java.JavaStepDefinition.execute(JavaStepDefinition.java:29)
	at io.cucumber.core.runner.CoreStepDefinition.execute(CoreStepDefinition.java:64)
	at io.cucumber.core.runner.PickleStepDefinitionMatch.runStep(PickleStepDefinitionMatch.java:63)
	at io.cucumber.core.runner.TestStep.executeStep(TestStep.java:92)
	at io.cucumber.core.runner.TestStep.run(TestStep.java:63)
	at io.cucumber.core.runner.PickleStepTestStep.run(PickleStepTestStep.java:49)
	at io.cucumber.core.runner.TestCase.run(TestCase.java:99)
	at io.cucumber.core.runner.Runner.runPickle(Runner.java:71)
	at io.cucumber.junit.PickleRunners$NoStepDescriptions.run(PickleRunners.java:140)
	at io.cucumber.junit.FeatureRunner.runChild(FeatureRunner.java:118)
	at io.cucumber.junit.FeatureRunner.runChild(FeatureRunner.java:24)
	at org.junit.runners.ParentRunner$3.run(ParentRunner.java:238)
	at org.junit.runners.ParentRunner$1.schedule(ParentRunner.java:63)
	at org.junit.runners.ParentRunner.runChildren(ParentRunner.java:236)
	at org.junit.runners.ParentRunner.access$000(ParentRunner.java:53)
	at org.junit.runners.ParentRunner$2.evaluate(ParentRunner.java:229)
	at org.junit.runners.ParentRunner.run(ParentRunner.java:309)
	at io.cucumber.junit.Cucumber.runChild(Cucumber.java:192)
	at io.cucumber.junit.Cucumber.runChild(Cucumber.java:88)
	at org.junit.runners.ParentRunner$3.run(ParentRunner.java:238)
	at org.junit.runners.ParentRunner$1.schedule(ParentRunner.java:63)
	at org.junit.runners.ParentRunner.runChildren(ParentRunner.java:236)
	at org.junit.runners.ParentRunner.access$000(ParentRunner.java:53)
	at org.junit.runners.ParentRunner$2.evaluate(ParentRunner.java:229)
	at io.cucumber.junit.Cucumber$RunCucumber.evaluate(Cucumber.java:227)
	at org.junit.runners.ParentRunner.run(ParentRunner.java:309)
	at org.junit.runner.JUnitCore.run(JUnitCore.java:160)
	at com.intellij.junit4.JUnit4IdeaTestRunner.startRunnerWithArgs(JUnit4IdeaTestRunner.java:69)
	at com.intellij.rt.junit.IdeaTestRunner$Repeater.startRunnerWithArgs(IdeaTestRunner.java:33)
	at com.intellij.rt.junit.JUnitStarter.prepareStreamsAndStart(JUnitStarter.java:221)
	at com.intellij.rt.junit.JUnitStarter.main(JUnitStarter.java:54)
</textarea>
		</li>
		<li test-id='51' class='node when skip' status='skip'>
			<div class="step-name" title="StepDefinitions.stepDefinitions.user_enters_enforcement_action_something_and_reason_something(java.lang.String,java.lang.String)"><span class='status skip' title='skip'><i class='material-icons'>redo</i></span>When user enters Enforcement Action "Debt Write Off" and Reason "Debt Write-Off"</div>
			<div class="node-step">Step skipped</div>
		</li>
		<li test-id='52' class='node and skip' status='skip'>
			<div class="step-name" title="StepDefinitions.stepDefinitions.clicks_submit_button()"><span class='status skip' title='skip'><i class='material-icons'>redo</i></span>And clicks Submit button</div>
			<div class="node-step">Step skipped</div>
		</li>
		<li test-id='53' class='node then skip' status='skip'>
			<div class="step-name" title="StepDefinitions.stepDefinitions.application_status_should_be_something(java.lang.String)"><span class='status skip' title='skip'><i class='material-icons'>redo</i></span>Then Debt status should be "Escalated - Write Off"</div>
			<div class="node-step">Step skipped</div>
		</li>
		<li test-id='54' class='node and skip' status='skip'>
			<div class="step-name" title="StepDefinitions.stepDefinitions.wait_for_duplicate_check(java.lang.String)"><span class='status skip' title='skip'><i class='material-icons'>redo</i></span>And wait for plan to load "Total Debt to be Written Off"</div>
			<div class="node-step">Step skipped</div>
		</li>
		<li test-id='55' class='node and skip' status='skip'>
			<div class="step-name" title="StepDefinitions.stepDefinitions.wait_for_duplicate_check(java.lang.String)"><span class='status skip' title='skip'><i class='material-icons'>redo</i></span>And wait for plan to load "Total Written Off Tax Debt"</div>
			<div class="node-step">Step skipped</div>
		</li>
		<li test-id='56' class='node when skip' status='skip'>
			<div class="step-name" title="StepDefinitions.stepDefinitions.user_clicks_add_writen_off_tax_debt()"><span class='status skip' title='skip'><i class='material-icons'>redo</i></span>When user clicks add Writen Off Tax Debt</div>
			<div class="node-step">Step skipped</div>
		</li>
		<li test-id='57' class='node then skip' status='skip'>
			<div class="step-name" title="StepDefinitions.stepDefinitions.application_status_should_be_something(java.lang.String)"><span class='status skip' title='skip'><i class='material-icons'>redo</i></span>Then Debt status should be "Escalated - Write Off"</div>
			<div class="node-step">Step skipped</div>
		</li>
		<li test-id='58' class='node and skip' status='skip'>
			<div class="step-name" title="StepDefinitions.stepDefinitions.wait_for_duplicate_check(java.lang.String)"><span class='status skip' title='skip'><i class='material-icons'>redo</i></span>And wait for plan to load "Tax Type"</div>
			<div class="node-step">Step skipped</div>
		</li>
		<li test-id='59' class='node when skip' status='skip'>
			<div class="step-name" title="StepDefinitions.stepDefinitions.user_enters_tax_type_period_and_debt_amount_something(java.lang.String)"><span class='status skip' title='skip'><i class='material-icons'>redo</i></span>When user enters Tax Type Period  and Debt Amount "200000"</div>
			<div class="node-step">Step skipped</div>
		</li>
		<li test-id='60' class='node then skip' status='skip'>
			<div class="step-name" title="StepDefinitions.stepDefinitions.switch_to_frame1()"><span class='status skip' title='skip'><i class='material-icons'>redo</i></span>Then switch to frame1</div>
			<div class="node-step">Step skipped</div>
		</li>
		<li test-id='61' class='node and skip' status='skip'>
			<div class="step-name" title="StepDefinitions.stepDefinitions.wait_for_duplicate_check(java.lang.String)"><span class='status skip' title='skip'><i class='material-icons'>redo</i></span>And wait for plan to load "Total Written Off Tax Debt"</div>
			<div class="node-step">Step skipped</div>
		</li>
		<li test-id='62' class='node when skip' status='skip'>
			<div class="step-name" title="StepDefinitions.stepDefinitions.user_enters_debt_writeoff_reason()"><span class='status skip' title='skip'><i class='material-icons'>redo</i></span>When user enters Debt Write-Off Reason</div>
			<div class="node-step">Step skipped</div>
		</li>
		<li test-id='63' class='node and skip' status='skip'>
			<div class="step-name" title="StepDefinitions.stepDefinitions.writen_off_tax_debt_clicks_submit_button()"><span class='status skip' title='skip'><i class='material-icons'>redo</i></span>And Writen Off Tax Debt clicks Submit button</div>
			<div class="node-step">Step skipped</div>
		</li>
		<li test-id='64' class='node then skip' status='skip'>
			<div class="step-name" title="StepDefinitions.stepDefinitions.switch_to_frame1()"><span class='status skip' title='skip'><i class='material-icons'>redo</i></span>Then switch to frame1</div>
			<div class="node-step">Step skipped</div>
		</li>
		<li test-id='65' class='node then skip' status='skip'>
			<div class="step-name" title="StepDefinitions.stepDefinitions.application_status_should_be_something(java.lang.String)"><span class='status skip' title='skip'><i class='material-icons'>redo</i></span>Then Debt status should be "Pending Write Off Approval By Tax Collector"</div>
			<div class="node-step">Step skipped</div>
		</li>
	</ul>
</div>
<div class='scenario node' test-id='68' status='fail'>
	<div class='category-list'>
		<span class='category label'>@taxCollector</span>
		<span class='category label'>@Write-Off</span>
	</div>
	<span class='duration right label'>0h 0m 38s+793ms</span>
	<div class="bdd-test">
		<div class="scenario-name"><span class='status fail' title='fail'><i class='material-icons'>cancel</i></span> Scenario: UAT_M8_08-02-01-UAT_M8_08-02-02-Verify the Process of Escalated Case - Write-Off -Tax Collector</div>
	</div>
	<ul class='steps'>
		<li test-id='71' class='node given pass' status='pass'>
			<div class="step-name" title="StepDefinitions.stepDefinitions.open_crm_url_module_as_something(java.lang.String)"><span class='status pass' title='pass'><i class='material-icons'>check_circle</i></span>Given Open CRM URL Module as "TaxCollector1"</div>
			<div class="node-step"></div>
		</li>
		<li test-id='72' class='node and pass' status='pass'>
			<div class="step-name" title="StepDefinitions.stepDefinitions.close_Popup_Window()"><span class='status pass' title='pass'><i class='material-icons'>check_circle</i></span>And Close Popup Window</div>
			<div class="node-step"></div>
		</li>
		<li test-id='73' class='node and fail' status='fail'>
			<div class="step-name" title="StepDefinitions.stepDefinitions.click_on_case_management_dropdown()"><span class='status fail' title='fail'><i class='material-icons'>cancel</i></span>And Click on Case management dropdown</div>
			<textarea disabled class="code-block">org.openqa.selenium.WebDriverException: unknown error: session deleted because of page crash
from unknown error: cannot determine loading status
from tab crashed
  (Session info: chrome=94.0.4606.81)
Build info: version: '3.141.59', revision: 'e82be7d358', time: '2018-11-14T08:17:03'
System info: host: 'DESKTOP-1PQR32V', ip: '172.16.16.26', os.name: 'Windows 10', os.arch: 'amd64', os.version: '10.0', java.version: '16.0.1'
Driver info: org.openqa.selenium.chrome.ChromeDriver
Capabilities {acceptInsecureCerts: false, browserName: chrome, browserVersion: 94.0.4606.81, chrome: {chromedriverVersion: 94.0.4606.61 (418b78f5838ed..., userDataDir: C:\Users\maxma\AppData\Loca...}, goog:chromeOptions: {debuggerAddress: localhost:54345}, javascriptEnabled: true, networkConnectionEnabled: false, pageLoadStrategy: normal, platform: WINDOWS, platformName: WINDOWS, proxy: Proxy(), setWindowRect: true, strictFileInteractability: false, timeouts: {implicit: 0, pageLoad: 300000, script: 30000}, unhandledPromptBehavior: dismiss and notify, webauthn:extension:credBlob: true, webauthn:extension:largeBlob: true, webauthn:virtualAuthenticators: true}
Session ID: b840e75fb416f32a91c8f070c74c73cf
*** Element info: {Using=xpath, value=//*[@id="TabCS"]/a}
	at java.base/jdk.internal.reflect.NativeConstructorAccessorImpl.newInstance0(Native Method)
	at java.base/jdk.internal.reflect.NativeConstructorAccessorImpl.newInstance(NativeConstructorAccessorImpl.java:78)
	at java.base/jdk.internal.reflect.DelegatingConstructorAccessorImpl.newInstance(DelegatingConstructorAccessorImpl.java:45)
	at java.base/java.lang.reflect.Constructor.newInstanceWithCaller(Constructor.java:499)
	at java.base/java.lang.reflect.Constructor.newInstance(Constructor.java:480)
	at org.openqa.selenium.remote.http.W3CHttpResponseCodec.createException(W3CHttpResponseCodec.java:187)
	at org.openqa.selenium.remote.http.W3CHttpResponseCodec.decode(W3CHttpResponseCodec.java:122)
	at org.openqa.selenium.remote.http.W3CHttpResponseCodec.decode(W3CHttpResponseCodec.java:49)
	at org.openqa.selenium.remote.HttpCommandExecutor.execute(HttpCommandExecutor.java:158)
	at org.openqa.selenium.remote.service.DriverCommandExecutor.execute(DriverCommandExecutor.java:83)
	at org.openqa.selenium.remote.RemoteWebDriver.execute(RemoteWebDriver.java:552)
	at org.openqa.selenium.remote.RemoteWebDriver.findElement(RemoteWebDriver.java:323)
	at org.openqa.selenium.remote.RemoteWebDriver.findElementByXPath(RemoteWebDriver.java:428)
	at org.openqa.selenium.By$ByXPath.findElement(By.java:353)
	at org.openqa.selenium.remote.RemoteWebDriver.findElement(RemoteWebDriver.java:315)
	at org.openqa.selenium.support.ui.ExpectedConditions$7.apply(ExpectedConditions.java:205)
	at org.openqa.selenium.support.ui.ExpectedConditions$7.apply(ExpectedConditions.java:201)
	at org.openqa.selenium.support.ui.FluentWait.until(FluentWait.java:249)
	at StepDefinitions.stepDefinitions.click_on_case_management_dropdown(stepDefinitions.java:210)
	at ✽.Click on Case management dropdown(file:///I:/work/TBL-MRA-DEBT/src/test/resources/FeatureFiles/b_Write-Off-Maintain%20Debt%20Management%20Case.feature:56)
</textarea>
		</li>
		<li test-id='74' class='node and skip' status='skip'>
			<div class="step-name" title="StepDefinitions.stepDefinitions.click_on_revenue_collection_application()"><span class='status skip' title='skip'><i class='material-icons'>redo</i></span>And click on Queues</div>
			<div class="node-step">Step skipped</div>
		</li>
		<li test-id='75' class='node then skip' status='skip'>
			<div class="step-name" title="StepDefinitions.stepDefinitions.switch_to_frame0()"><span class='status skip' title='skip'><i class='material-icons'>redo</i></span>Then switch to frame0</div>
			<div class="node-step">Step skipped</div>
		</li>
		<li test-id='76' class='node and skip' status='skip'>
			<div class="step-name" title="StepDefinitions.stepDefinitions.enters_exemption_reference_number_in_search_results()"><span class='status skip' title='skip'><i class='material-icons'>redo</i></span>And enters Debt reference number in search results</div>
			<div class="node-step">Step skipped</div>
		</li>
		<li test-id='77' class='node and skip' status='skip'>
			<div class="step-name" title="StepDefinitions.stepDefinitions.picks_the_audit_case()"><span class='status skip' title='skip'><i class='material-icons'>redo</i></span>And picks the audit case</div>
			<div class="node-step">Step skipped</div>
		</li>
		<li test-id='78' class='node and skip' status='skip'>
			<div class="step-name" title="StepDefinitions.stepDefinitions.pick_the_debt_case()"><span class='status skip' title='skip'><i class='material-icons'>redo</i></span>And pick the debt case</div>
			<div class="node-step">Step skipped</div>
		</li>
		<li test-id='79' class='node then skip' status='skip'>
			<div class="step-name" title="StepDefinitions.stepDefinitions.switch_to_frame0()"><span class='status skip' title='skip'><i class='material-icons'>redo</i></span>Then switch to frame0</div>
			<div class="node-step">Step skipped</div>
		</li>
		<li test-id='80' class='node then skip' status='skip'>
			<div class="step-name" title="StepDefinitions.stepDefinitions.click_on_reference_number()"><span class='status skip' title='skip'><i class='material-icons'>redo</i></span>Then Click on reference number</div>
			<div class="node-step">Step skipped</div>
		</li>
		<li test-id='81' class='node then skip' status='skip'>
			<div class="step-name" title="StepDefinitions.stepDefinitions.application_status_should_be_something(java.lang.String)"><span class='status skip' title='skip'><i class='material-icons'>redo</i></span>Then Debt status should be "Pending Write Off Approval By Tax Collector"</div>
			<div class="node-step">Step skipped</div>
		</li>
		<li test-id='82' class='node and skip' status='skip'>
			<div class="step-name" title="StepDefinitions.stepDefinitions.wait_for_duplicate_check(java.lang.String)"><span class='status skip' title='skip'><i class='material-icons'>redo</i></span>And wait for plan to load "Total Debt to be Written Off"</div>
			<div class="node-step">Step skipped</div>
		</li>
		<li test-id='83' class='node then skip' status='skip'>
			<div class="step-name" title="StepDefinitions.stepDefinitions.switch_to_frame1()"><span class='status skip' title='skip'><i class='material-icons'>redo</i></span>Then switch to frame1</div>
			<div class="node-step">Step skipped</div>
		</li>
		<li test-id='84' class='node and skip' status='skip'>
			<div class="step-name" title="StepDefinitions.stepDefinitions.select_approval_outcome_value_to_approve_something(java.lang.String)"><span class='status skip' title='skip'><i class='material-icons'>redo</i></span>And Select Approval outcome value to Approve "taxcollector"</div>
			<div class="node-step">Step skipped</div>
		</li>
		<li test-id='85' class='node then skip' status='skip'>
			<div class="step-name" title="StepDefinitions.stepDefinitions.click_on_Save_button()"><span class='status skip' title='skip'><i class='material-icons'>redo</i></span>Then Click on Save button</div>
			<div class="node-step">Step skipped</div>
		</li>
		<li test-id='86' class='node then skip' status='skip'>
			<div class="step-name" title="StepDefinitions.stepDefinitions.application_status_should_be_something(java.lang.String)"><span class='status skip' title='skip'><i class='material-icons'>redo</i></span>Then Debt status should be "Pending Write Off Approval By Station Manager"</div>
			<div class="node-step">Step skipped</div>
		</li>
		<li test-id='87' class='node * fail' status='fail'>
			<div class="step-name" title=""><span class='status fail' title='fail'><i class='material-icons'>cancel</i></span>StepDefinitions.Hooks.AftersaveScreenshot(io.cucumber.java.Scenario)</div>
			<textarea disabled class="code-block">org.openqa.selenium.NoSuchSessionException: invalid session id
Build info: version: '3.141.59', revision: 'e82be7d358', time: '2018-11-14T08:17:03'
System info: host: 'DESKTOP-1PQR32V', ip: '172.16.16.26', os.name: 'Windows 10', os.arch: 'amd64', os.version: '10.0', java.version: '16.0.1'
Driver info: org.openqa.selenium.chrome.ChromeDriver
Capabilities {acceptInsecureCerts: false, browserName: chrome, browserVersion: 94.0.4606.81, chrome: {chromedriverVersion: 94.0.4606.61 (418b78f5838ed..., userDataDir: C:\Users\maxma\AppData\Loca...}, goog:chromeOptions: {debuggerAddress: localhost:54345}, javascriptEnabled: true, networkConnectionEnabled: false, pageLoadStrategy: normal, platform: WINDOWS, platformName: WINDOWS, proxy: Proxy(), setWindowRect: true, strictFileInteractability: false, timeouts: {implicit: 0, pageLoad: 300000, script: 30000}, unhandledPromptBehavior: dismiss and notify, webauthn:extension:credBlob: true, webauthn:extension:largeBlob: true, webauthn:virtualAuthenticators: true}
Session ID: b840e75fb416f32a91c8f070c74c73cf
	at java.base/jdk.internal.reflect.NativeConstructorAccessorImpl.newInstance0(Native Method)
	at java.base/jdk.internal.reflect.NativeConstructorAccessorImpl.newInstance(NativeConstructorAccessorImpl.java:78)
	at java.base/jdk.internal.reflect.DelegatingConstructorAccessorImpl.newInstance(DelegatingConstructorAccessorImpl.java:45)
	at java.base/java.lang.reflect.Constructor.newInstanceWithCaller(Constructor.java:499)
	at java.base/java.lang.reflect.Constructor.newInstance(Constructor.java:480)
	at org.openqa.selenium.remote.http.W3CHttpResponseCodec.createException(W3CHttpResponseCodec.java:187)
	at org.openqa.selenium.remote.http.W3CHttpResponseCodec.decode(W3CHttpResponseCodec.java:122)
	at org.openqa.selenium.remote.http.W3CHttpResponseCodec.decode(W3CHttpResponseCodec.java:49)
	at org.openqa.selenium.remote.HttpCommandExecutor.execute(HttpCommandExecutor.java:158)
	at org.openqa.selenium.remote.service.DriverCommandExecutor.execute(DriverCommandExecutor.java:83)
	at org.openqa.selenium.remote.RemoteWebDriver.execute(RemoteWebDriver.java:552)
	at org.openqa.selenium.remote.RemoteWebDriver.execute(RemoteWebDriver.java:609)
	at org.openqa.selenium.remote.RemoteWebDriver.getScreenshotAs(RemoteWebDriver.java:295)
	at StepDefinitions.Hooks.AftersaveScreenshot(Hooks.java:40)
</textarea>
		</li>
	</ul>
</div>
<div class='scenario node' test-id='89' status='fail'>
	<div class='category-list'>
		<span class='category label'>@stationmanager</span>
		<span class='category label'>@Write-Off</span>
	</div>
	<span class='duration right label'>0h 1m 37s+997ms</span>
	<div class="bdd-test">
		<div class="scenario-name"><span class='status fail' title='fail'><i class='material-icons'>cancel</i></span> Scenario: UAT_M8_08-02-01-UAT_M8_08-02-02-Verify the Process of Escalated Case - Write-Off -Station Manager</div>
	</div>
	<ul class='steps'>
		<li test-id='92' class='node given pass' status='pass'>
			<div class="step-name" title="StepDefinitions.stepDefinitions.open_crm_url_module_as_something(java.lang.String)"><span class='status pass' title='pass'><i class='material-icons'>check_circle</i></span>Given Open CRM URL Module as "StationManager1"</div>
			<div class="node-step"></div>
		</li>
		<li test-id='93' class='node and pass' status='pass'>
			<div class="step-name" title="StepDefinitions.stepDefinitions.close_Popup_Window()"><span class='status pass' title='pass'><i class='material-icons'>check_circle</i></span>And Close Popup Window</div>
			<div class="node-step"></div>
		</li>
		<li test-id='94' class='node and pass' status='pass'>
			<div class="step-name" title="StepDefinitions.stepDefinitions.click_on_case_management_dropdown()"><span class='status pass' title='pass'><i class='material-icons'>check_circle</i></span>And Click on Case management dropdown</div>
			<div class="node-step"></div>
		</li>
		<li test-id='95' class='node and pass' status='pass'>
			<div class="step-name" title="StepDefinitions.stepDefinitions.click_on_revenue_collection_application()"><span class='status pass' title='pass'><i class='material-icons'>check_circle</i></span>And click on Queues</div>
			<div class="node-step"></div>
		</li>
		<li test-id='96' class='node then pass' status='pass'>
			<div class="step-name" title="StepDefinitions.stepDefinitions.switch_to_frame0()"><span class='status pass' title='pass'><i class='material-icons'>check_circle</i></span>Then switch to frame0</div>
			<div class="node-step"></div>
		</li>
		<li test-id='97' class='node and pass' status='pass'>
			<div class="step-name" title="StepDefinitions.stepDefinitions.enters_exemption_reference_number_in_search_results()"><span class='status pass' title='pass'><i class='material-icons'>check_circle</i></span>And enters Debt reference number in search results</div>
			<div class="node-step"></div>
		</li>
		<li test-id='98' class='node and pass' status='pass'>
			<div class="step-name" title="StepDefinitions.stepDefinitions.picks_the_audit_case()"><span class='status pass' title='pass'><i class='material-icons'>check_circle</i></span>And picks the audit case</div>
			<div class="node-step"></div>
		</li>
		<li test-id='99' class='node and fail' status='fail'>
			<div class="step-name" title="StepDefinitions.stepDefinitions.click_pick_button()"><span class='status fail' title='fail'><i class='material-icons'>cancel</i></span>And click pick button</div>
			<textarea disabled class="code-block">org.openqa.selenium.TimeoutException: Expected condition failed: waiting for visibility of element located by By.id: moreCommands (tried for 40 second(s) with 500 milliseconds interval)
Build info: version: '3.141.59', revision: 'e82be7d358', time: '2018-11-14T08:17:03'
System info: host: 'DESKTOP-1PQR32V', ip: '172.16.16.26', os.name: 'Windows 10', os.arch: 'amd64', os.version: '10.0', java.version: '16.0.1'
Driver info: org.openqa.selenium.chrome.ChromeDriver
Capabilities {acceptInsecureCerts: false, browserName: chrome, browserVersion: 94.0.4606.81, chrome: {chromedriverVersion: 94.0.4606.61 (418b78f5838ed..., userDataDir: C:\Users\maxma\AppData\Loca...}, goog:chromeOptions: {debuggerAddress: localhost:55631}, javascriptEnabled: true, networkConnectionEnabled: false, pageLoadStrategy: normal, platform: WINDOWS, platformName: WINDOWS, proxy: Proxy(), setWindowRect: true, strictFileInteractability: false, timeouts: {implicit: 0, pageLoad: 300000, script: 30000}, unhandledPromptBehavior: dismiss and notify, webauthn:extension:credBlob: true, webauthn:extension:largeBlob: true, webauthn:virtualAuthenticators: true}
Session ID: 8934308d03ea756d6c0ecd129748fb7f
	at org.openqa.selenium.support.ui.WebDriverWait.timeoutException(WebDriverWait.java:95)
	at org.openqa.selenium.support.ui.FluentWait.until(FluentWait.java:272)
	at StepDefinitions.stepDefinitions.click_pick_button(stepDefinitions.java:265)
	at ✽.click pick button(file:///I:/work/TBL-MRA-DEBT/src/test/resources/FeatureFiles/b_Write-Off-Maintain%20Debt%20Management%20Case.feature:80)
</textarea>
		</li>
		<li test-id='100' class='node then skip' status='skip'>
			<div class="step-name" title="StepDefinitions.stepDefinitions.switch_to_frame0()"><span class='status skip' title='skip'><i class='material-icons'>redo</i></span>Then switch to frame0</div>
			<div class="node-step">Step skipped</div>
		</li>
		<li test-id='101' class='node then skip' status='skip'>
			<div class="step-name" title="StepDefinitions.stepDefinitions.click_on_reference_number()"><span class='status skip' title='skip'><i class='material-icons'>redo</i></span>Then Click on reference number</div>
			<div class="node-step">Step skipped</div>
		</li>
		<li test-id='102' class='node then skip' status='skip'>
			<div class="step-name" title="StepDefinitions.stepDefinitions.application_status_should_be_something(java.lang.String)"><span class='status skip' title='skip'><i class='material-icons'>redo</i></span>Then Debt status should be "Pending Write Off Approval By Station Manager"</div>
			<div class="node-step">Step skipped</div>
		</li>
		<li test-id='103' class='node and skip' status='skip'>
			<div class="step-name" title="StepDefinitions.stepDefinitions.wait_for_duplicate_check(java.lang.String)"><span class='status skip' title='skip'><i class='material-icons'>redo</i></span>And wait for plan to load "Total Debt to be Written Off"</div>
			<div class="node-step">Step skipped</div>
		</li>
		<li test-id='104' class='node then skip' status='skip'>
			<div class="step-name" title="StepDefinitions.stepDefinitions.switch_to_frame1()"><span class='status skip' title='skip'><i class='material-icons'>redo</i></span>Then switch to frame1</div>
			<div class="node-step">Step skipped</div>
		</li>
		<li test-id='105' class='node and skip' status='skip'>
			<div class="step-name" title="StepDefinitions.stepDefinitions.select_approval_outcome_value_to_approve_something(java.lang.String)"><span class='status skip' title='skip'><i class='material-icons'>redo</i></span>And Select Approval outcome value to Approve "stationmanager"</div>
			<div class="node-step">Step skipped</div>
		</li>
		<li test-id='106' class='node then skip' status='skip'>
			<div class="step-name" title="StepDefinitions.stepDefinitions.click_on_Save_button()"><span class='status skip' title='skip'><i class='material-icons'>redo</i></span>Then Click on Save button</div>
			<div class="node-step">Step skipped</div>
		</li>
		<li test-id='107' class='node then skip' status='skip'>
			<div class="step-name" title="StepDefinitions.stepDefinitions.application_status_should_be_something(java.lang.String)"><span class='status skip' title='skip'><i class='material-icons'>redo</i></span>Then Debt status should be "Pending Write Off Approval By Deputy Commissioner Operations"</div>
			<div class="node-step">Step skipped</div>
		</li>
	</ul>
</div>
<div class='scenario node' test-id='110' status='fail'>
	<div class='category-list'>
		<span class='category label'>@DeputyComOp</span>
		<span class='category label'>@Write-Off</span>
	</div>
	<span class='duration right label'>0h 1m 38s+736ms</span>
	<div class="bdd-test">
		<div class="scenario-name"><span class='status fail' title='fail'><i class='material-icons'>cancel</i></span> Scenario: UAT_M8_08-02-01-UAT_M8_08-02-02-Verify the Process of Escalated Case - Write-Off -Deputy Commissioner Operations</div>
	</div>
	<ul class='steps'>
		<li test-id='113' class='node given pass' status='pass'>
			<div class="step-name" title="StepDefinitions.stepDefinitions.open_crm_url_module_as_something(java.lang.String)"><span class='status pass' title='pass'><i class='material-icons'>check_circle</i></span>Given Open CRM URL Module as "DeputyComOp1"</div>
			<div class="node-step"></div>
		</li>
		<li test-id='114' class='node and pass' status='pass'>
			<div class="step-name" title="StepDefinitions.stepDefinitions.close_Popup_Window()"><span class='status pass' title='pass'><i class='material-icons'>check_circle</i></span>And Close Popup Window</div>
			<div class="node-step"></div>
		</li>
		<li test-id='115' class='node and pass' status='pass'>
			<div class="step-name" title="StepDefinitions.stepDefinitions.click_on_case_management_dropdown()"><span class='status pass' title='pass'><i class='material-icons'>check_circle</i></span>And Click on Case management dropdown</div>
			<div class="node-step"></div>
		</li>
		<li test-id='116' class='node and pass' status='pass'>
			<div class="step-name" title="StepDefinitions.stepDefinitions.click_on_revenue_collection_application()"><span class='status pass' title='pass'><i class='material-icons'>check_circle</i></span>And click on Queues</div>
			<div class="node-step"></div>
		</li>
		<li test-id='117' class='node then pass' status='pass'>
			<div class="step-name" title="StepDefinitions.stepDefinitions.switch_to_frame0()"><span class='status pass' title='pass'><i class='material-icons'>check_circle</i></span>Then switch to frame0</div>
			<div class="node-step"></div>
		</li>
		<li test-id='118' class='node and pass' status='pass'>
			<div class="step-name" title="StepDefinitions.stepDefinitions.enters_exemption_reference_number_in_search_results()"><span class='status pass' title='pass'><i class='material-icons'>check_circle</i></span>And enters Debt reference number in search results</div>
			<div class="node-step"></div>
		</li>
		<li test-id='119' class='node and pass' status='pass'>
			<div class="step-name" title="StepDefinitions.stepDefinitions.picks_the_audit_case()"><span class='status pass' title='pass'><i class='material-icons'>check_circle</i></span>And picks the audit case</div>
			<div class="node-step"></div>
		</li>
		<li test-id='120' class='node and fail' status='fail'>
			<div class="step-name" title="StepDefinitions.stepDefinitions.click_pick_button()"><span class='status fail' title='fail'><i class='material-icons'>cancel</i></span>And click pick button</div>
			<textarea disabled class="code-block">org.openqa.selenium.TimeoutException: Expected condition failed: waiting for visibility of element located by By.id: moreCommands (tried for 40 second(s) with 500 milliseconds interval)
Build info: version: '3.141.59', revision: 'e82be7d358', time: '2018-11-14T08:17:03'
System info: host: 'DESKTOP-1PQR32V', ip: '172.16.16.26', os.name: 'Windows 10', os.arch: 'amd64', os.version: '10.0', java.version: '16.0.1'
Driver info: org.openqa.selenium.chrome.ChromeDriver
Capabilities {acceptInsecureCerts: false, browserName: chrome, browserVersion: 94.0.4606.81, chrome: {chromedriverVersion: 94.0.4606.61 (418b78f5838ed..., userDataDir: C:\Users\maxma\AppData\Loca...}, goog:chromeOptions: {debuggerAddress: localhost:56925}, javascriptEnabled: true, networkConnectionEnabled: false, pageLoadStrategy: normal, platform: WINDOWS, platformName: WINDOWS, proxy: Proxy(), setWindowRect: true, strictFileInteractability: false, timeouts: {implicit: 0, pageLoad: 300000, script: 30000}, unhandledPromptBehavior: dismiss and notify, webauthn:extension:credBlob: true, webauthn:extension:largeBlob: true, webauthn:virtualAuthenticators: true}
Session ID: 96e8d661e2eabda22ee8805e1678fcc5
	at org.openqa.selenium.support.ui.WebDriverWait.timeoutException(WebDriverWait.java:95)
	at org.openqa.selenium.support.ui.FluentWait.until(FluentWait.java:272)
	at StepDefinitions.stepDefinitions.click_pick_button(stepDefinitions.java:265)
	at ✽.click pick button(file:///I:/work/TBL-MRA-DEBT/src/test/resources/FeatureFiles/b_Write-Off-Maintain%20Debt%20Management%20Case.feature:99)
</textarea>
		</li>
		<li test-id='121' class='node then skip' status='skip'>
			<div class="step-name" title="StepDefinitions.stepDefinitions.switch_to_frame0()"><span class='status skip' title='skip'><i class='material-icons'>redo</i></span>Then switch to frame0</div>
			<div class="node-step">Step skipped</div>
		</li>
		<li test-id='122' class='node then skip' status='skip'>
			<div class="step-name" title="StepDefinitions.stepDefinitions.click_on_reference_number()"><span class='status skip' title='skip'><i class='material-icons'>redo</i></span>Then Click on reference number</div>
			<div class="node-step">Step skipped</div>
		</li>
		<li test-id='123' class='node then skip' status='skip'>
			<div class="step-name" title="StepDefinitions.stepDefinitions.application_status_should_be_something(java.lang.String)"><span class='status skip' title='skip'><i class='material-icons'>redo</i></span>Then Debt status should be "Pending Write Off Approval By Deputy Commissioner Operations"</div>
			<div class="node-step">Step skipped</div>
		</li>
		<li test-id='124' class='node and skip' status='skip'>
			<div class="step-name" title="StepDefinitions.stepDefinitions.wait_for_duplicate_check(java.lang.String)"><span class='status skip' title='skip'><i class='material-icons'>redo</i></span>And wait for plan to load "Total Debt to be Written Off"</div>
			<div class="node-step">Step skipped</div>
		</li>
		<li test-id='125' class='node then skip' status='skip'>
			<div class="step-name" title="StepDefinitions.stepDefinitions.switch_to_frame1()"><span class='status skip' title='skip'><i class='material-icons'>redo</i></span>Then switch to frame1</div>
			<div class="node-step">Step skipped</div>
		</li>
		<li test-id='126' class='node and skip' status='skip'>
			<div class="step-name" title="StepDefinitions.stepDefinitions.select_approval_outcome_value_to_approve_something(java.lang.String)"><span class='status skip' title='skip'><i class='material-icons'>redo</i></span>And Select Approval outcome value to Approve "deputycommissioneroperations"</div>
			<div class="node-step">Step skipped</div>
		</li>
		<li test-id='127' class='node then skip' status='skip'>
			<div class="step-name" title="StepDefinitions.stepDefinitions.click_on_Save_button()"><span class='status skip' title='skip'><i class='material-icons'>redo</i></span>Then Click on Save button</div>
			<div class="node-step">Step skipped</div>
		</li>
		<li test-id='128' class='node then skip' status='skip'>
			<div class="step-name" title="StepDefinitions.stepDefinitions.application_status_should_be_something(java.lang.String)"><span class='status skip' title='skip'><i class='material-icons'>redo</i></span>Then Debt status should be "Pending Write Off Approval By Domestic Taxes Commissioner"</div>
			<div class="node-step">Step skipped</div>
		</li>
	</ul>
</div>
<div class='scenario node' test-id='131' status='fail'>
	<div class='category-list'>
		<span class='category label'>@DomTaxCom</span>
		<span class='category label'>@Write-Off</span>
	</div>
	<span class='duration right label'>0h 0m 32s+478ms</span>
	<div class="bdd-test">
		<div class="scenario-name"><span class='status fail' title='fail'><i class='material-icons'>cancel</i></span> Scenario: UAT_M8_08-02-01-UAT_M8_08-02-02-Verify the Process of Escalated Case - Write-Off -Domestic Taxes Commissioner</div>
	</div>
	<ul class='steps'>
		<li test-id='134' class='node given pass' status='pass'>
			<div class="step-name" title="StepDefinitions.stepDefinitions.open_crm_url_module_as_something(java.lang.String)"><span class='status pass' title='pass'><i class='material-icons'>check_circle</i></span>Given Open CRM URL Module as "DomTaxCom1"</div>
			<div class="node-step"></div>
		</li>
		<li test-id='135' class='node and pass' status='pass'>
			<div class="step-name" title="StepDefinitions.stepDefinitions.close_Popup_Window()"><span class='status pass' title='pass'><i class='material-icons'>check_circle</i></span>And Close Popup Window</div>
			<div class="node-step"></div>
		</li>
		<li test-id='136' class='node and fail' status='fail'>
			<div class="step-name" title="StepDefinitions.stepDefinitions.click_on_case_management_dropdown()"><span class='status fail' title='fail'><i class='material-icons'>cancel</i></span>And Click on Case management dropdown</div>
			<textarea disabled class="code-block">org.openqa.selenium.WebDriverException: unknown error: session deleted because of page crash
from unknown error: cannot determine loading status
from tab crashed
  (Session info: chrome=94.0.4606.81)
Build info: version: '3.141.59', revision: 'e82be7d358', time: '2018-11-14T08:17:03'
System info: host: 'DESKTOP-1PQR32V', ip: '172.16.16.26', os.name: 'Windows 10', os.arch: 'amd64', os.version: '10.0', java.version: '16.0.1'
Driver info: org.openqa.selenium.chrome.ChromeDriver
Capabilities {acceptInsecureCerts: false, browserName: chrome, browserVersion: 94.0.4606.81, chrome: {chromedriverVersion: 94.0.4606.61 (418b78f5838ed..., userDataDir: C:\Users\maxma\AppData\Loca...}, goog:chromeOptions: {debuggerAddress: localhost:60991}, javascriptEnabled: true, networkConnectionEnabled: false, pageLoadStrategy: normal, platform: WINDOWS, platformName: WINDOWS, proxy: Proxy(), setWindowRect: true, strictFileInteractability: false, timeouts: {implicit: 0, pageLoad: 300000, script: 30000}, unhandledPromptBehavior: dismiss and notify, webauthn:extension:credBlob: true, webauthn:extension:largeBlob: true, webauthn:virtualAuthenticators: true}
Session ID: 49bcc834ed36f4aba82d8600929c727c
*** Element info: {Using=xpath, value=//*[@id="TabCS"]/a}
	at java.base/jdk.internal.reflect.NativeConstructorAccessorImpl.newInstance0(Native Method)
	at java.base/jdk.internal.reflect.NativeConstructorAccessorImpl.newInstance(NativeConstructorAccessorImpl.java:78)
	at java.base/jdk.internal.reflect.DelegatingConstructorAccessorImpl.newInstance(DelegatingConstructorAccessorImpl.java:45)
	at java.base/java.lang.reflect.Constructor.newInstanceWithCaller(Constructor.java:499)
	at java.base/java.lang.reflect.Constructor.newInstance(Constructor.java:480)
	at org.openqa.selenium.remote.http.W3CHttpResponseCodec.createException(W3CHttpResponseCodec.java:187)
	at org.openqa.selenium.remote.http.W3CHttpResponseCodec.decode(W3CHttpResponseCodec.java:122)
	at org.openqa.selenium.remote.http.W3CHttpResponseCodec.decode(W3CHttpResponseCodec.java:49)
	at org.openqa.selenium.remote.HttpCommandExecutor.execute(HttpCommandExecutor.java:158)
	at org.openqa.selenium.remote.service.DriverCommandExecutor.execute(DriverCommandExecutor.java:83)
	at org.openqa.selenium.remote.RemoteWebDriver.execute(RemoteWebDriver.java:552)
	at org.openqa.selenium.remote.RemoteWebDriver.findElement(RemoteWebDriver.java:323)
	at org.openqa.selenium.remote.RemoteWebDriver.findElementByXPath(RemoteWebDriver.java:428)
	at org.openqa.selenium.By$ByXPath.findElement(By.java:353)
	at org.openqa.selenium.remote.RemoteWebDriver.findElement(RemoteWebDriver.java:315)
	at org.openqa.selenium.support.ui.ExpectedConditions$7.apply(ExpectedConditions.java:205)
	at org.openqa.selenium.support.ui.ExpectedConditions$7.apply(ExpectedConditions.java:201)
	at org.openqa.selenium.support.ui.FluentWait.until(FluentWait.java:249)
	at StepDefinitions.stepDefinitions.click_on_case_management_dropdown(stepDefinitions.java:210)
	at ✽.Click on Case management dropdown(file:///I:/work/TBL-MRA-DEBT/src/test/resources/FeatureFiles/b_Write-Off-Maintain%20Debt%20Management%20Case.feature:113)
</textarea>
		</li>
		<li test-id='137' class='node and skip' status='skip'>
			<div class="step-name" title="StepDefinitions.stepDefinitions.click_on_revenue_collection_application()"><span class='status skip' title='skip'><i class='material-icons'>redo</i></span>And click on Queues</div>
			<div class="node-step">Step skipped</div>
		</li>
		<li test-id='138' class='node then skip' status='skip'>
			<div class="step-name" title="StepDefinitions.stepDefinitions.switch_to_frame0()"><span class='status skip' title='skip'><i class='material-icons'>redo</i></span>Then switch to frame0</div>
			<div class="node-step">Step skipped</div>
		</li>
		<li test-id='139' class='node and skip' status='skip'>
			<div class="step-name" title="StepDefinitions.stepDefinitions.enters_exemption_reference_number_in_search_results()"><span class='status skip' title='skip'><i class='material-icons'>redo</i></span>And enters Debt reference number in search results</div>
			<div class="node-step">Step skipped</div>
		</li>
		<li test-id='140' class='node and skip' status='skip'>
			<div class="step-name" title="StepDefinitions.stepDefinitions.picks_the_audit_case()"><span class='status skip' title='skip'><i class='material-icons'>redo</i></span>And picks the audit case</div>
			<div class="node-step">Step skipped</div>
		</li>
		<li test-id='141' class='node and skip' status='skip'>
			<div class="step-name" title="StepDefinitions.stepDefinitions.click_pick_button()"><span class='status skip' title='skip'><i class='material-icons'>redo</i></span>And click pick button</div>
			<div class="node-step">Step skipped</div>
		</li>
		<li test-id='142' class='node then skip' status='skip'>
			<div class="step-name" title="StepDefinitions.stepDefinitions.switch_to_frame0()"><span class='status skip' title='skip'><i class='material-icons'>redo</i></span>Then switch to frame0</div>
			<div class="node-step">Step skipped</div>
		</li>
		<li test-id='143' class='node then skip' status='skip'>
			<div class="step-name" title="StepDefinitions.stepDefinitions.click_on_reference_number()"><span class='status skip' title='skip'><i class='material-icons'>redo</i></span>Then Click on reference number</div>
			<div class="node-step">Step skipped</div>
		</li>
		<li test-id='144' class='node then skip' status='skip'>
			<div class="step-name" title="StepDefinitions.stepDefinitions.application_status_should_be_something(java.lang.String)"><span class='status skip' title='skip'><i class='material-icons'>redo</i></span>Then Debt status should be "Pending Write Off Approval By Domestic Taxes Commissioner"</div>
			<div class="node-step">Step skipped</div>
		</li>
		<li test-id='145' class='node and skip' status='skip'>
			<div class="step-name" title="StepDefinitions.stepDefinitions.wait_for_duplicate_check(java.lang.String)"><span class='status skip' title='skip'><i class='material-icons'>redo</i></span>And wait for plan to load "Total Debt to be Written Off"</div>
			<div class="node-step">Step skipped</div>
		</li>
		<li test-id='146' class='node then skip' status='skip'>
			<div class="step-name" title="StepDefinitions.stepDefinitions.switch_to_frame1()"><span class='status skip' title='skip'><i class='material-icons'>redo</i></span>Then switch to frame1</div>
			<div class="node-step">Step skipped</div>
		</li>
		<li test-id='147' class='node and skip' status='skip'>
			<div class="step-name" title="StepDefinitions.stepDefinitions.select_approval_outcome_value_to_approve_something(java.lang.String)"><span class='status skip' title='skip'><i class='material-icons'>redo</i></span>And Select Approval outcome value to Approve "domestictaxescommissioner"</div>
			<div class="node-step">Step skipped</div>
		</li>
		<li test-id='148' class='node then skip' status='skip'>
			<div class="step-name" title="StepDefinitions.stepDefinitions.click_on_Save_button()"><span class='status skip' title='skip'><i class='material-icons'>redo</i></span>Then Click on Save button</div>
			<div class="node-step">Step skipped</div>
		</li>
		<li test-id='149' class='node then skip' status='skip'>
			<div class="step-name" title="StepDefinitions.stepDefinitions.application_status_should_be_something(java.lang.String)"><span class='status skip' title='skip'><i class='material-icons'>redo</i></span>Then Debt status should be "Pending Write Off Approval By Commissioner General"</div>
			<div class="node-step">Step skipped</div>
		</li>
		<li test-id='150' class='node * fail' status='fail'>
			<div class="step-name" title=""><span class='status fail' title='fail'><i class='material-icons'>cancel</i></span>StepDefinitions.Hooks.AftersaveScreenshot(io.cucumber.java.Scenario)</div>
			<textarea disabled class="code-block">org.openqa.selenium.NoSuchSessionException: invalid session id
Build info: version: '3.141.59', revision: 'e82be7d358', time: '2018-11-14T08:17:03'
System info: host: 'DESKTOP-1PQR32V', ip: '172.16.16.26', os.name: 'Windows 10', os.arch: 'amd64', os.version: '10.0', java.version: '16.0.1'
Driver info: org.openqa.selenium.chrome.ChromeDriver
Capabilities {acceptInsecureCerts: false, browserName: chrome, browserVersion: 94.0.4606.81, chrome: {chromedriverVersion: 94.0.4606.61 (418b78f5838ed..., userDataDir: C:\Users\maxma\AppData\Loca...}, goog:chromeOptions: {debuggerAddress: localhost:60991}, javascriptEnabled: true, networkConnectionEnabled: false, pageLoadStrategy: normal, platform: WINDOWS, platformName: WINDOWS, proxy: Proxy(), setWindowRect: true, strictFileInteractability: false, timeouts: {implicit: 0, pageLoad: 300000, script: 30000}, unhandledPromptBehavior: dismiss and notify, webauthn:extension:credBlob: true, webauthn:extension:largeBlob: true, webauthn:virtualAuthenticators: true}
Session ID: 49bcc834ed36f4aba82d8600929c727c
	at java.base/jdk.internal.reflect.NativeConstructorAccessorImpl.newInstance0(Native Method)
	at java.base/jdk.internal.reflect.NativeConstructorAccessorImpl.newInstance(NativeConstructorAccessorImpl.java:78)
	at java.base/jdk.internal.reflect.DelegatingConstructorAccessorImpl.newInstance(DelegatingConstructorAccessorImpl.java:45)
	at java.base/java.lang.reflect.Constructor.newInstanceWithCaller(Constructor.java:499)
	at java.base/java.lang.reflect.Constructor.newInstance(Constructor.java:480)
	at org.openqa.selenium.remote.http.W3CHttpResponseCodec.createException(W3CHttpResponseCodec.java:187)
	at org.openqa.selenium.remote.http.W3CHttpResponseCodec.decode(W3CHttpResponseCodec.java:122)
	at org.openqa.selenium.remote.http.W3CHttpResponseCodec.decode(W3CHttpResponseCodec.java:49)
	at org.openqa.selenium.remote.HttpCommandExecutor.execute(HttpCommandExecutor.java:158)
	at org.openqa.selenium.remote.service.DriverCommandExecutor.execute(DriverCommandExecutor.java:83)
	at org.openqa.selenium.remote.RemoteWebDriver.execute(RemoteWebDriver.java:552)
	at org.openqa.selenium.remote.RemoteWebDriver.execute(RemoteWebDriver.java:609)
	at org.openqa.selenium.remote.RemoteWebDriver.getScreenshotAs(RemoteWebDriver.java:295)
	at StepDefinitions.Hooks.AftersaveScreenshot(Hooks.java:40)
</textarea>
		</li>
	</ul>
</div>
<div class='scenario node' test-id='152' status='fail'>
	<div class='category-list'>
		<span class='category label'>@ComGen</span>
		<span class='category label'>@Write-Off</span>
	</div>
	<span class='duration right label'>0h 0m 39s+96ms</span>
	<div class="bdd-test">
		<div class="scenario-name"><span class='status fail' title='fail'><i class='material-icons'>cancel</i></span> Scenario: UAT_M8_08-02-01-UAT_M8_08-02-02-Verify the Process of Escalated Case - Write-Off -Commissioner General</div>
	</div>
	<ul class='steps'>
		<li test-id='155' class='node given pass' status='pass'>
			<div class="step-name" title="StepDefinitions.stepDefinitions.open_crm_url_module_as_something(java.lang.String)"><span class='status pass' title='pass'><i class='material-icons'>check_circle</i></span>Given Open CRM URL Module as "ComGen"</div>
			<div class="node-step"></div>
		</li>
		<li test-id='156' class='node and pass' status='pass'>
			<div class="step-name" title="StepDefinitions.stepDefinitions.close_Popup_Window()"><span class='status pass' title='pass'><i class='material-icons'>check_circle</i></span>And Close Popup Window</div>
			<div class="node-step"></div>
		</li>
		<li test-id='157' class='node and fail' status='fail'>
			<div class="step-name" title="StepDefinitions.stepDefinitions.click_on_case_management_dropdown()"><span class='status fail' title='fail'><i class='material-icons'>cancel</i></span>And Click on Case management dropdown</div>
			<textarea disabled class="code-block">org.openqa.selenium.WebDriverException: unknown error: session deleted because of page crash
from unknown error: cannot determine loading status
from tab crashed
  (Session info: chrome=94.0.4606.81)
Build info: version: '3.141.59', revision: 'e82be7d358', time: '2018-11-14T08:17:03'
System info: host: 'DESKTOP-1PQR32V', ip: '172.16.16.26', os.name: 'Windows 10', os.arch: 'amd64', os.version: '10.0', java.version: '16.0.1'
Driver info: org.openqa.selenium.chrome.ChromeDriver
Capabilities {acceptInsecureCerts: false, browserName: chrome, browserVersion: 94.0.4606.81, chrome: {chromedriverVersion: 94.0.4606.61 (418b78f5838ed..., userDataDir: C:\Users\maxma\AppData\Loca...}, goog:chromeOptions: {debuggerAddress: localhost:51448}, javascriptEnabled: true, networkConnectionEnabled: false, pageLoadStrategy: normal, platform: WINDOWS, platformName: WINDOWS, proxy: Proxy(), setWindowRect: true, strictFileInteractability: false, timeouts: {implicit: 0, pageLoad: 300000, script: 30000}, unhandledPromptBehavior: dismiss and notify, webauthn:extension:credBlob: true, webauthn:extension:largeBlob: true, webauthn:virtualAuthenticators: true}
Session ID: 42365fdf0366fd20109c62197846e907
*** Element info: {Using=xpath, value=//*[@id="TabCS"]/a}
	at java.base/jdk.internal.reflect.NativeConstructorAccessorImpl.newInstance0(Native Method)
	at java.base/jdk.internal.reflect.NativeConstructorAccessorImpl.newInstance(NativeConstructorAccessorImpl.java:78)
	at java.base/jdk.internal.reflect.DelegatingConstructorAccessorImpl.newInstance(DelegatingConstructorAccessorImpl.java:45)
	at java.base/java.lang.reflect.Constructor.newInstanceWithCaller(Constructor.java:499)
	at java.base/java.lang.reflect.Constructor.newInstance(Constructor.java:480)
	at org.openqa.selenium.remote.http.W3CHttpResponseCodec.createException(W3CHttpResponseCodec.java:187)
	at org.openqa.selenium.remote.http.W3CHttpResponseCodec.decode(W3CHttpResponseCodec.java:122)
	at org.openqa.selenium.remote.http.W3CHttpResponseCodec.decode(W3CHttpResponseCodec.java:49)
	at org.openqa.selenium.remote.HttpCommandExecutor.execute(HttpCommandExecutor.java:158)
	at org.openqa.selenium.remote.service.DriverCommandExecutor.execute(DriverCommandExecutor.java:83)
	at org.openqa.selenium.remote.RemoteWebDriver.execute(RemoteWebDriver.java:552)
	at org.openqa.selenium.remote.RemoteWebDriver.findElement(RemoteWebDriver.java:323)
	at org.openqa.selenium.remote.RemoteWebDriver.findElementByXPath(RemoteWebDriver.java:428)
	at org.openqa.selenium.By$ByXPath.findElement(By.java:353)
	at org.openqa.selenium.remote.RemoteWebDriver.findElement(RemoteWebDriver.java:315)
	at org.openqa.selenium.support.ui.ExpectedConditions$7.apply(ExpectedConditions.java:205)
	at org.openqa.selenium.support.ui.ExpectedConditions$7.apply(ExpectedConditions.java:201)
	at org.openqa.selenium.support.ui.FluentWait.until(FluentWait.java:249)
	at StepDefinitions.stepDefinitions.click_on_case_management_dropdown(stepDefinitions.java:210)
	at ✽.Click on Case management dropdown(file:///I:/work/TBL-MRA-DEBT/src/test/resources/FeatureFiles/b_Write-Off-Maintain%20Debt%20Management%20Case.feature:132)
</textarea>
		</li>
		<li test-id='158' class='node and skip' status='skip'>
			<div class="step-name" title="StepDefinitions.stepDefinitions.click_on_revenue_collection_application()"><span class='status skip' title='skip'><i class='material-icons'>redo</i></span>And click on Queues</div>
			<div class="node-step">Step skipped</div>
		</li>
		<li test-id='159' class='node then skip' status='skip'>
			<div class="step-name" title="StepDefinitions.stepDefinitions.switch_to_frame0()"><span class='status skip' title='skip'><i class='material-icons'>redo</i></span>Then switch to frame0</div>
			<div class="node-step">Step skipped</div>
		</li>
		<li test-id='160' class='node and skip' status='skip'>
			<div class="step-name" title="StepDefinitions.stepDefinitions.enters_exemption_reference_number_in_search_results()"><span class='status skip' title='skip'><i class='material-icons'>redo</i></span>And enters Debt reference number in search results</div>
			<div class="node-step">Step skipped</div>
		</li>
		<li test-id='161' class='node and skip' status='skip'>
			<div class="step-name" title="StepDefinitions.stepDefinitions.picks_the_audit_case()"><span class='status skip' title='skip'><i class='material-icons'>redo</i></span>And picks the audit case</div>
			<div class="node-step">Step skipped</div>
		</li>
		<li test-id='162' class='node and skip' status='skip'>
			<div class="step-name" title="StepDefinitions.stepDefinitions.click_pick_button()"><span class='status skip' title='skip'><i class='material-icons'>redo</i></span>And click pick button</div>
			<div class="node-step">Step skipped</div>
		</li>
		<li test-id='163' class='node then skip' status='skip'>
			<div class="step-name" title="StepDefinitions.stepDefinitions.switch_to_frame0()"><span class='status skip' title='skip'><i class='material-icons'>redo</i></span>Then switch to frame0</div>
			<div class="node-step">Step skipped</div>
		</li>
		<li test-id='164' class='node then skip' status='skip'>
			<div class="step-name" title="StepDefinitions.stepDefinitions.click_on_reference_number()"><span class='status skip' title='skip'><i class='material-icons'>redo</i></span>Then Click on reference number</div>
			<div class="node-step">Step skipped</div>
		</li>
		<li test-id='165' class='node then skip' status='skip'>
			<div class="step-name" title="StepDefinitions.stepDefinitions.application_status_should_be_something(java.lang.String)"><span class='status skip' title='skip'><i class='material-icons'>redo</i></span>Then Debt status should be "Pending Write Off Approval By Commissioner General"</div>
			<div class="node-step">Step skipped</div>
		</li>
		<li test-id='166' class='node and skip' status='skip'>
			<div class="step-name" title="StepDefinitions.stepDefinitions.wait_for_duplicate_check(java.lang.String)"><span class='status skip' title='skip'><i class='material-icons'>redo</i></span>And wait for plan to load "Total Debt to be Written Off"</div>
			<div class="node-step">Step skipped</div>
		</li>
		<li test-id='167' class='node then skip' status='skip'>
			<div class="step-name" title="StepDefinitions.stepDefinitions.switch_to_frame1()"><span class='status skip' title='skip'><i class='material-icons'>redo</i></span>Then switch to frame1</div>
			<div class="node-step">Step skipped</div>
		</li>
		<li test-id='168' class='node and skip' status='skip'>
			<div class="step-name" title="StepDefinitions.stepDefinitions.select_approval_outcome_value_to_approve_something(java.lang.String)"><span class='status skip' title='skip'><i class='material-icons'>redo</i></span>And Select Approval outcome value to Approve "commissionergeneral"</div>
			<div class="node-step">Step skipped</div>
		</li>
		<li test-id='169' class='node then skip' status='skip'>
			<div class="step-name" title="StepDefinitions.stepDefinitions.click_on_Save_button()"><span class='status skip' title='skip'><i class='material-icons'>redo</i></span>Then Click on Save button</div>
			<div class="node-step">Step skipped</div>
		</li>
		<li test-id='170' class='node then skip' status='skip'>
			<div class="step-name" title="StepDefinitions.stepDefinitions.application_status_should_be_something(java.lang.String)"><span class='status skip' title='skip'><i class='material-icons'>redo</i></span>Then Debt status should be "Write Off Approved"</div>
			<div class="node-step">Step skipped</div>
		</li>
		<li test-id='171' class='node * fail' status='fail'>
			<div class="step-name" title=""><span class='status fail' title='fail'><i class='material-icons'>cancel</i></span>StepDefinitions.Hooks.AftersaveScreenshot(io.cucumber.java.Scenario)</div>
			<textarea disabled class="code-block">org.openqa.selenium.NoSuchSessionException: invalid session id
Build info: version: '3.141.59', revision: 'e82be7d358', time: '2018-11-14T08:17:03'
System info: host: 'DESKTOP-1PQR32V', ip: '172.16.16.26', os.name: 'Windows 10', os.arch: 'amd64', os.version: '10.0', java.version: '16.0.1'
Driver info: org.openqa.selenium.chrome.ChromeDriver
Capabilities {acceptInsecureCerts: false, browserName: chrome, browserVersion: 94.0.4606.81, chrome: {chromedriverVersion: 94.0.4606.61 (418b78f5838ed..., userDataDir: C:\Users\maxma\AppData\Loca...}, goog:chromeOptions: {debuggerAddress: localhost:51448}, javascriptEnabled: true, networkConnectionEnabled: false, pageLoadStrategy: normal, platform: WINDOWS, platformName: WINDOWS, proxy: Proxy(), setWindowRect: true, strictFileInteractability: false, timeouts: {implicit: 0, pageLoad: 300000, script: 30000}, unhandledPromptBehavior: dismiss and notify, webauthn:extension:credBlob: true, webauthn:extension:largeBlob: true, webauthn:virtualAuthenticators: true}
Session ID: 42365fdf0366fd20109c62197846e907
	at java.base/jdk.internal.reflect.NativeConstructorAccessorImpl.newInstance0(Native Method)
	at java.base/jdk.internal.reflect.NativeConstructorAccessorImpl.newInstance(NativeConstructorAccessorImpl.java:78)
	at java.base/jdk.internal.reflect.DelegatingConstructorAccessorImpl.newInstance(DelegatingConstructorAccessorImpl.java:45)
	at java.base/java.lang.reflect.Constructor.newInstanceWithCaller(Constructor.java:499)
	at java.base/java.lang.reflect.Constructor.newInstance(Constructor.java:480)
	at org.openqa.selenium.remote.http.W3CHttpResponseCodec.createException(W3CHttpResponseCodec.java:187)
	at org.openqa.selenium.remote.http.W3CHttpResponseCodec.decode(W3CHttpResponseCodec.java:122)
	at org.openqa.selenium.remote.http.W3CHttpResponseCodec.decode(W3CHttpResponseCodec.java:49)
	at org.openqa.selenium.remote.HttpCommandExecutor.execute(HttpCommandExecutor.java:158)
	at org.openqa.selenium.remote.service.DriverCommandExecutor.execute(DriverCommandExecutor.java:83)
	at org.openqa.selenium.remote.RemoteWebDriver.execute(RemoteWebDriver.java:552)
	at org.openqa.selenium.remote.RemoteWebDriver.execute(RemoteWebDriver.java:609)
	at org.openqa.selenium.remote.RemoteWebDriver.getScreenshotAs(RemoteWebDriver.java:295)
	at StepDefinitions.Hooks.AftersaveScreenshot(Hooks.java:40)
</textarea>
		</li>
	</ul>
</div>
<div class='scenario node' test-id='173' status='fail'>
	<div class='category-list'>
		<span class='category label'>@debtofficer</span>
		<span class='category label'>@Write-Off</span>
	</div>
	<span class='duration right label'>0h 2m 31s+471ms</span>
	<div class="bdd-test">
		<div class="scenario-name"><span class='status fail' title='fail'><i class='material-icons'>cancel</i></span> Scenario: UAT_M8_08-02-01-UAT_M8_08-02-02-Verify the Process of Escalated Case - Write-Off -DebtOfficer</div>
	</div>
	<ul class='steps'>
		<li test-id='176' class='node given pass' status='pass'>
			<div class="step-name" title="StepDefinitions.stepDefinitions.open_crm_url_module_as_something(java.lang.String)"><span class='status pass' title='pass'><i class='material-icons'>check_circle</i></span>Given Open CRM URL Module as "DebtOfficer1"</div>
			<div class="node-step"></div>
		</li>
		<li test-id='177' class='node and pass' status='pass'>
			<div class="step-name" title="StepDefinitions.stepDefinitions.close_Popup_Window()"><span class='status pass' title='pass'><i class='material-icons'>check_circle</i></span>And Close Popup Window</div>
			<div class="node-step"></div>
		</li>
		<li test-id='178' class='node and pass' status='pass'>
			<div class="step-name" title="StepDefinitions.stepDefinitions.click_on_case_management_dropdown()"><span class='status pass' title='pass'><i class='material-icons'>check_circle</i></span>And Click on Case management dropdown</div>
			<div class="node-step"></div>
		</li>
		<li test-id='179' class='node and pass' status='pass'>
			<div class="step-name" title="StepDefinitions.stepDefinitions.click_on_revenue_collection_application()"><span class='status pass' title='pass'><i class='material-icons'>check_circle</i></span>And click on Queues</div>
			<div class="node-step"></div>
		</li>
		<li test-id='180' class='node then pass' status='pass'>
			<div class="step-name" title="StepDefinitions.stepDefinitions.switch_to_frame0()"><span class='status pass' title='pass'><i class='material-icons'>check_circle</i></span>Then switch to frame0</div>
			<div class="node-step"></div>
		</li>
		<li test-id='181' class='node and pass' status='pass'>
			<div class="step-name" title="StepDefinitions.stepDefinitions.enters_exemption_reference_number_in_search_results()"><span class='status pass' title='pass'><i class='material-icons'>check_circle</i></span>And enters Debt reference number in search results</div>
			<div class="node-step"></div>
		</li>
		<li test-id='182' class='node and pass' status='pass'>
			<div class="step-name" title="StepDefinitions.stepDefinitions.picks_the_audit_case()"><span class='status pass' title='pass'><i class='material-icons'>check_circle</i></span>And picks the audit case</div>
			<div class="node-step"></div>
		</li>
		<li test-id='183' class='node and pass' status='pass'>
			<div class="step-name" title="StepDefinitions.stepDefinitions.click_pick_button()"><span class='status pass' title='pass'><i class='material-icons'>check_circle</i></span>And click pick button</div>
			<div class="node-step"></div>
		</li>
		<li test-id='184' class='node then pass' status='pass'>
			<div class="step-name" title="StepDefinitions.stepDefinitions.switch_to_frame0()"><span class='status pass' title='pass'><i class='material-icons'>check_circle</i></span>Then switch to frame0</div>
			<div class="node-step"></div>
		</li>
		<li test-id='185' class='node then pass' status='pass'>
			<div class="step-name" title="StepDefinitions.stepDefinitions.click_on_reference_number()"><span class='status pass' title='pass'><i class='material-icons'>check_circle</i></span>Then Click on reference number</div>
			<div class="node-step"></div>
		</li>
		<li test-id='186' class='node then fail' status='fail'>
			<div class="step-name" title="StepDefinitions.stepDefinitions.application_status_should_be_something(java.lang.String)"><span class='status fail' title='fail'><i class='material-icons'>cancel</i></span>Then Debt status should be "Write Off Approved"</div>
			<textarea disabled class="code-block">org.openqa.selenium.TimeoutException: Expected condition failed: waiting for visibility of element located by By.xpath: //*[text()='Write Off Approved'] (tried for 60 second(s) with 500 milliseconds interval)
Build info: version: '3.141.59', revision: 'e82be7d358', time: '2018-11-14T08:17:03'
System info: host: 'DESKTOP-1PQR32V', ip: '172.16.16.26', os.name: 'Windows 10', os.arch: 'amd64', os.version: '10.0', java.version: '16.0.1'
Driver info: org.openqa.selenium.chrome.ChromeDriver
Capabilities {acceptInsecureCerts: false, browserName: chrome, browserVersion: 94.0.4606.81, chrome: {chromedriverVersion: 94.0.4606.61 (418b78f5838ed..., userDataDir: C:\Users\maxma\AppData\Loca...}, goog:chromeOptions: {debuggerAddress: localhost:64097}, javascriptEnabled: true, networkConnectionEnabled: false, pageLoadStrategy: normal, platform: WINDOWS, platformName: WINDOWS, proxy: Proxy(), setWindowRect: true, strictFileInteractability: false, timeouts: {implicit: 0, pageLoad: 300000, script: 30000}, unhandledPromptBehavior: dismiss and notify, webauthn:extension:credBlob: true, webauthn:extension:largeBlob: true, webauthn:virtualAuthenticators: true}
Session ID: 684f9edb44cbf8e1e336d6cc095886d0
	at org.openqa.selenium.support.ui.WebDriverWait.timeoutException(WebDriverWait.java:95)
	at org.openqa.selenium.support.ui.FluentWait.until(FluentWait.java:272)
	at StepDefinitions.stepDefinitions.application_status_should_be_something(stepDefinitions.java:289)
	at ✽.Debt status should be "Write Off Approved"(file:///I:/work/TBL-MRA-DEBT/src/test/resources/FeatureFiles/b_Write-Off-Maintain%20Debt%20Management%20Case.feature:159)
</textarea>
		</li>
		<li test-id='187' class='node and skip' status='skip'>
			<div class="step-name" title="StepDefinitions.stepDefinitions.wait_for_duplicate_check(java.lang.String)"><span class='status skip' title='skip'><i class='material-icons'>redo</i></span>And wait for plan to load "Total Debt to be Written Off"</div>
			<div class="node-step">Step skipped</div>
		</li>
		<li test-id='188' class='node then skip' status='skip'>
			<div class="step-name" title="StepDefinitions.stepDefinitions.switch_to_frame1()"><span class='status skip' title='skip'><i class='material-icons'>redo</i></span>Then switch to frame1</div>
			<div class="node-step">Step skipped</div>
		</li>
		<li test-id='189' class='node then skip' status='skip'>
			<div class="step-name" title="StepDefinitions.stepDefinitions.application_status_should_be_something(java.lang.String)"><span class='status skip' title='skip'><i class='material-icons'>redo</i></span>Then Debt status should be "Write Off Approved"</div>
			<div class="node-step">Step skipped</div>
		</li>
	</ul>
</div>
					</div>
				</li>
			</ul>
		</div>
	</div>
	<!-- subview left -->
	<div class='subview-right left'>
		<div class='view-summary'>
			<div id='step-filters' class="right sr-filters">
				<a class="btn-floating waves-effect waves-light green" status="pass" alt="pass" title="pass"><i class="material-icons">check_circle</i></a>
				<a class="btn-floating waves-effect waves-light red" status="fail" alt="fail" title="fail"><i class="material-icons">cancel</i></a>
				<a class="btn-floating waves-effect waves-light red darken-4" status="fatal" alt="fatal" title="fatal"><i class="material-icons">cancel</i></a>
				<a class="btn-floating waves-effect waves-light pink text-lighten-1" status="error" alt="error" title="error"><i class="material-icons">error</i></a>
				<a class="btn-floating waves-effect waves-light orange" alt="warning" status="warning" title="warning"><i class="material-icons">warning</i></a>
				<a class="btn-floating waves-effect waves-light teal" status="skip" alt="skip" title="skip"><i class="material-icons">redo</i></a>
				<a class="btn-floating waves-effect waves-light grey" status="clear" alt="Clear filters" title="Clear filters"><i class="material-icons">clear</i></a>
			</div>
			<h5 class='test-name'></h5>
		</div>
	</div>
	<!-- subview right -->
</div>
<!-- test view --><div id='category-view' class='view hide'>
	<section id='controls'>
		<div class='controls grey lighten-4'>
			<!-- search -->
			<div class='chip transparent' alt='Search Tests' title='Search Tests'>
				<a href="#" class='search-div'>
				<i class='material-icons'>search</i> Search
				</a>
				<div class='input-field left hide'>
					<input id='search-tests' type='text' class='validate browser-default' placeholder='Search Tests...'>
				</div>
			</div>
			<!-- search -->
		</div>
	</section>
	<div class='subview-left left'>
		<div class='view-summary'>
			<ul id='category-collection' class='category-collection'>
				<li class='category displayed active'>
					<div class='category-heading'>
						<span class='category-name'>@Write-Off</span>
						<span class='category-status right'>
						<span class='label pass'>1</span>
						<span class='label fail'>8</span>
						</span>
					</div>
					<div class='category-content hide'>
						<div class='category-status-counts'>
							<span status="pass" class='label green accent-4 white-text'>Passed: 1</span>
							<span status="fail" class='label red lighten-1 white-text'>Failed: 8</span>
							
						</div>
						<div class='category-tests'>
							<table class='bordered table-results'>
								<thead>
									<tr>
										<th>Timestamp</th>
										<th>TestName</th>
										<th>Status</th>
									</tr>
								</thead>
								<tbody>
									<tr>
										<td>Oct 14, 2021 11:28:51 AM</td>
										<td class='linked' test-id='2'>UAT_M8-08-01-01-Verify the process of installment agreement-Organization</td>
										<td><span class='test-status pass'>pass</span></td>
									</tr>
									<tr>
										<td>Oct 14, 2021 11:30:13 AM</td>
										<td class='linked' test-id='17'>UAT_M8_08-02-10-Verify the Process of Validation Failed - Write-Off -Debt-Officer</td>
										<td><span class='test-status fail'>fail</span></td>
									</tr>
									<tr>
										<td>Oct 14, 2021 11:30:51 AM</td>
										<td class='linked' test-id='37'>UAT_M8_08-02-01-UAT_M8_08-02-02-Verify the Process of Escalated Case - Write-Off -Debt-Officer</td>
										<td><span class='test-status fail'>fail</span></td>
									</tr>
									<tr>
										<td>Oct 14, 2021 11:34:16 AM</td>
										<td class='linked' test-id='68'>UAT_M8_08-02-01-UAT_M8_08-02-02-Verify the Process of Escalated Case - Write-Off -Tax Collector</td>
										<td><span class='test-status fail'>fail</span></td>
									</tr>
									<tr>
										<td>Oct 14, 2021 11:34:56 AM</td>
										<td class='linked' test-id='89'>UAT_M8_08-02-01-UAT_M8_08-02-02-Verify the Process of Escalated Case - Write-Off -Station Manager</td>
										<td><span class='test-status fail'>fail</span></td>
									</tr>
									<tr>
										<td>Oct 14, 2021 11:36:35 AM</td>
										<td class='linked' test-id='110'>UAT_M8_08-02-01-UAT_M8_08-02-02-Verify the Process of Escalated Case - Write-Off -Deputy Commissioner Operations</td>
										<td><span class='test-status fail'>fail</span></td>
									</tr>
									<tr>
										<td>Oct 14, 2021 11:38:15 AM</td>
										<td class='linked' test-id='131'>UAT_M8_08-02-01-UAT_M8_08-02-02-Verify the Process of Escalated Case - Write-Off -Domestic Taxes Commissioner</td>
										<td><span class='test-status fail'>fail</span></td>
									</tr>
									<tr>
										<td>Oct 14, 2021 11:38:48 AM</td>
										<td class='linked' test-id='152'>UAT_M8_08-02-01-UAT_M8_08-02-02-Verify the Process of Escalated Case - Write-Off -Commissioner General</td>
										<td><span class='test-status fail'>fail</span></td>
									</tr>
									<tr>
										<td>Oct 14, 2021 11:39:28 AM</td>
										<td class='linked' test-id='173'>UAT_M8_08-02-01-UAT_M8_08-02-02-Verify the Process of Escalated Case - Write-Off -DebtOfficer</td>
										<td><span class='test-status fail'>fail</span></td>
									</tr>
								</tbody>
							</table>
						</div>
					</div>
				</li>
				<li class='category displayed active'>
					<div class='category-heading'>
						<span class='category-name'>@Agent-Appointment</span>
						<span class='category-status right'>
						<span class='label pass'>1</span>
						</span>
					</div>
					<div class='category-content hide'>
						<div class='category-status-counts'>
							<span status="pass" class='label green accent-4 white-text'>Passed: 1</span>
							
							
						</div>
						<div class='category-tests'>
							<table class='bordered table-results'>
								<thead>
									<tr>
										<th>Timestamp</th>
										<th>TestName</th>
										<th>Status</th>
									</tr>
								</thead>
								<tbody>
									<tr>
										<td>Oct 14, 2021 11:28:51 AM</td>
										<td class='linked' test-id='2'>UAT_M8-08-01-01-Verify the process of installment agreement-Organization</td>
										<td><span class='test-status pass'>pass</span></td>
									</tr>
								</tbody>
							</table>
						</div>
					</div>
				</li>
				<li class='category displayed active'>
					<div class='category-heading'>
						<span class='category-name'>@Lien-Imposition</span>
						<span class='category-status right'>
						<span class='label pass'>1</span>
						</span>
					</div>
					<div class='category-content hide'>
						<div class='category-status-counts'>
							<span status="pass" class='label green accent-4 white-text'>Passed: 1</span>
							
							
						</div>
						<div class='category-tests'>
							<table class='bordered table-results'>
								<thead>
									<tr>
										<th>Timestamp</th>
										<th>TestName</th>
										<th>Status</th>
									</tr>
								</thead>
								<tbody>
									<tr>
										<td>Oct 14, 2021 11:28:51 AM</td>
										<td class='linked' test-id='2'>UAT_M8-08-01-01-Verify the process of installment agreement-Organization</td>
										<td><span class='test-status pass'>pass</span></td>
									</tr>
								</tbody>
							</table>
						</div>
					</div>
				</li>
				<li class='category displayed active'>
					<div class='category-heading'>
						<span class='category-name'>@Distraint-Action</span>
						<span class='category-status right'>
						<span class='label pass'>1</span>
						</span>
					</div>
					<div class='category-content hide'>
						<div class='category-status-counts'>
							<span status="pass" class='label green accent-4 white-text'>Passed: 1</span>
							
							
						</div>
						<div class='category-tests'>
							<table class='bordered table-results'>
								<thead>
									<tr>
										<th>Timestamp</th>
										<th>TestName</th>
										<th>Status</th>
									</tr>
								</thead>
								<tbody>
									<tr>
										<td>Oct 14, 2021 11:28:51 AM</td>
										<td class='linked' test-id='2'>UAT_M8-08-01-01-Verify the process of installment agreement-Organization</td>
										<td><span class='test-status pass'>pass</span></td>
									</tr>
								</tbody>
							</table>
						</div>
					</div>
				</li>
				<li class='category displayed active'>
					<div class='category-heading'>
						<span class='category-name'>@Distraint-Action-reject</span>
						<span class='category-status right'>
						<span class='label pass'>1</span>
						</span>
					</div>
					<div class='category-content hide'>
						<div class='category-status-counts'>
							<span status="pass" class='label green accent-4 white-text'>Passed: 1</span>
							
							
						</div>
						<div class='category-tests'>
							<table class='bordered table-results'>
								<thead>
									<tr>
										<th>Timestamp</th>
										<th>TestName</th>
										<th>Status</th>
									</tr>
								</thead>
								<tbody>
									<tr>
										<td>Oct 14, 2021 11:28:51 AM</td>
										<td class='linked' test-id='2'>UAT_M8-08-01-01-Verify the process of installment agreement-Organization</td>
										<td><span class='test-status pass'>pass</span></td>
									</tr>
								</tbody>
							</table>
						</div>
					</div>
				</li>
				<li class='category displayed active'>
					<div class='category-heading'>
						<span class='category-name'>@Enforcement-Suspension</span>
						<span class='category-status right'>
						<span class='label pass'>1</span>
						</span>
					</div>
					<div class='category-content hide'>
						<div class='category-status-counts'>
							<span status="pass" class='label green accent-4 white-text'>Passed: 1</span>
							
							
						</div>
						<div class='category-tests'>
							<table class='bordered table-results'>
								<thead>
									<tr>
										<th>Timestamp</th>
										<th>TestName</th>
										<th>Status</th>
									</tr>
								</thead>
								<tbody>
									<tr>
										<td>Oct 14, 2021 11:28:51 AM</td>
										<td class='linked' test-id='2'>UAT_M8-08-01-01-Verify the process of installment agreement-Organization</td>
										<td><span class='test-status pass'>pass</span></td>
									</tr>
								</tbody>
							</table>
						</div>
					</div>
				</li>
				<li class='category displayed active'>
					<div class='category-heading'>
						<span class='category-name'>@Legal-Action</span>
						<span class='category-status right'>
						<span class='label pass'>1</span>
						</span>
					</div>
					<div class='category-content hide'>
						<div class='category-status-counts'>
							<span status="pass" class='label green accent-4 white-text'>Passed: 1</span>
							
							
						</div>
						<div class='category-tests'>
							<table class='bordered table-results'>
								<thead>
									<tr>
										<th>Timestamp</th>
										<th>TestName</th>
										<th>Status</th>
									</tr>
								</thead>
								<tbody>
									<tr>
										<td>Oct 14, 2021 11:28:51 AM</td>
										<td class='linked' test-id='2'>UAT_M8-08-01-01-Verify the process of installment agreement-Organization</td>
										<td><span class='test-status pass'>pass</span></td>
									</tr>
								</tbody>
							</table>
						</div>
					</div>
				</li>
				<li class='category displayed active'>
					<div class='category-heading'>
						<span class='category-name'>@Agent-Appointment-close</span>
						<span class='category-status right'>
						<span class='label pass'>1</span>
						</span>
					</div>
					<div class='category-content hide'>
						<div class='category-status-counts'>
							<span status="pass" class='label green accent-4 white-text'>Passed: 1</span>
							
							
						</div>
						<div class='category-tests'>
							<table class='bordered table-results'>
								<thead>
									<tr>
										<th>Timestamp</th>
										<th>TestName</th>
										<th>Status</th>
									</tr>
								</thead>
								<tbody>
									<tr>
										<td>Oct 14, 2021 11:28:51 AM</td>
										<td class='linked' test-id='2'>UAT_M8-08-01-01-Verify the process of installment agreement-Organization</td>
										<td><span class='test-status pass'>pass</span></td>
									</tr>
								</tbody>
							</table>
						</div>
					</div>
				</li>
				<li class='category displayed active'>
					<div class='category-heading'>
						<span class='category-name'>@Verification_of_debt</span>
						<span class='category-status right'>
						<span class='label pass'>1</span>
						</span>
					</div>
					<div class='category-content hide'>
						<div class='category-status-counts'>
							<span status="pass" class='label green accent-4 white-text'>Passed: 1</span>
							
							
						</div>
						<div class='category-tests'>
							<table class='bordered table-results'>
								<thead>
									<tr>
										<th>Timestamp</th>
										<th>TestName</th>
										<th>Status</th>
									</tr>
								</thead>
								<tbody>
									<tr>
										<td>Oct 14, 2021 11:28:51 AM</td>
										<td class='linked' test-id='2'>UAT_M8-08-01-01-Verify the process of installment agreement-Organization</td>
										<td><span class='test-status pass'>pass</span></td>
									</tr>
								</tbody>
							</table>
						</div>
					</div>
				</li>
				<li class='category displayed active'>
					<div class='category-heading'>
						<span class='category-name'>@SUC:08-01</span>
						<span class='category-status right'>
						<span class='label pass'>1</span>
						</span>
					</div>
					<div class='category-content hide'>
						<div class='category-status-counts'>
							<span status="pass" class='label green accent-4 white-text'>Passed: 1</span>
							
							
						</div>
						<div class='category-tests'>
							<table class='bordered table-results'>
								<thead>
									<tr>
										<th>Timestamp</th>
										<th>TestName</th>
										<th>Status</th>
									</tr>
								</thead>
								<tbody>
									<tr>
										<td>Oct 14, 2021 11:28:51 AM</td>
										<td class='linked' test-id='2'>UAT_M8-08-01-01-Verify the process of installment agreement-Organization</td>
										<td><span class='test-status pass'>pass</span></td>
									</tr>
								</tbody>
							</table>
						</div>
					</div>
				</li>
				<li class='category displayed active'>
					<div class='category-heading'>
						<span class='category-name'>@UAT_M8-08-01-01</span>
						<span class='category-status right'>
						<span class='label pass'>1</span>
						</span>
					</div>
					<div class='category-content hide'>
						<div class='category-status-counts'>
							<span status="pass" class='label green accent-4 white-text'>Passed: 1</span>
							
							
						</div>
						<div class='category-tests'>
							<table class='bordered table-results'>
								<thead>
									<tr>
										<th>Timestamp</th>
										<th>TestName</th>
										<th>Status</th>
									</tr>
								</thead>
								<tbody>
									<tr>
										<td>Oct 14, 2021 11:28:51 AM</td>
										<td class='linked' test-id='2'>UAT_M8-08-01-01-Verify the process of installment agreement-Organization</td>
										<td><span class='test-status pass'>pass</span></td>
									</tr>
								</tbody>
							</table>
						</div>
					</div>
				</li>
				<li class='category displayed active'>
					<div class='category-heading'>
						<span class='category-name'>@UAT_M8-08-01-02</span>
						<span class='category-status right'>
						<span class='label pass'>1</span>
						</span>
					</div>
					<div class='category-content hide'>
						<div class='category-status-counts'>
							<span status="pass" class='label green accent-4 white-text'>Passed: 1</span>
							
							
						</div>
						<div class='category-tests'>
							<table class='bordered table-results'>
								<thead>
									<tr>
										<th>Timestamp</th>
										<th>TestName</th>
										<th>Status</th>
									</tr>
								</thead>
								<tbody>
									<tr>
										<td>Oct 14, 2021 11:28:51 AM</td>
										<td class='linked' test-id='2'>UAT_M8-08-01-01-Verify the process of installment agreement-Organization</td>
										<td><span class='test-status pass'>pass</span></td>
									</tr>
								</tbody>
							</table>
						</div>
					</div>
				</li>
				<li class='category displayed active'>
					<div class='category-heading'>
						<span class='category-name'>@Debt-Officer</span>
						<span class='category-status right'>
						<span class='label fail'>1</span>
						</span>
					</div>
					<div class='category-content hide'>
						<div class='category-status-counts'>
							
							<span status="fail" class='label red lighten-1 white-text'>Failed: 1</span>
							
						</div>
						<div class='category-tests'>
							<table class='bordered table-results'>
								<thead>
									<tr>
										<th>Timestamp</th>
										<th>TestName</th>
										<th>Status</th>
									</tr>
								</thead>
								<tbody>
									<tr>
										<td>Oct 14, 2021 11:30:13 AM</td>
										<td class='linked' test-id='17'>UAT_M8_08-02-10-Verify the Process of Validation Failed - Write-Off -Debt-Officer</td>
										<td><span class='test-status fail'>fail</span></td>
									</tr>
								</tbody>
							</table>
						</div>
					</div>
				</li>
				<li class='category displayed active'>
					<div class='category-heading'>
						<span class='category-name'>@boom</span>
						<span class='category-status right'>
						<span class='label fail'>1</span>
						</span>
					</div>
					<div class='category-content hide'>
						<div class='category-status-counts'>
							
							<span status="fail" class='label red lighten-1 white-text'>Failed: 1</span>
							
						</div>
						<div class='category-tests'>
							<table class='bordered table-results'>
								<thead>
									<tr>
										<th>Timestamp</th>
										<th>TestName</th>
										<th>Status</th>
									</tr>
								</thead>
								<tbody>
									<tr>
										<td>Oct 14, 2021 11:30:51 AM</td>
										<td class='linked' test-id='37'>UAT_M8_08-02-01-UAT_M8_08-02-02-Verify the Process of Escalated Case - Write-Off -Debt-Officer</td>
										<td><span class='test-status fail'>fail</span></td>
									</tr>
								</tbody>
							</table>
						</div>
					</div>
				</li>
				<li class='category displayed active'>
					<div class='category-heading'>
						<span class='category-name'>@taxCollector</span>
						<span class='category-status right'>
						<span class='label fail'>1</span>
						</span>
					</div>
					<div class='category-content hide'>
						<div class='category-status-counts'>
							
							<span status="fail" class='label red lighten-1 white-text'>Failed: 1</span>
							
						</div>
						<div class='category-tests'>
							<table class='bordered table-results'>
								<thead>
									<tr>
										<th>Timestamp</th>
										<th>TestName</th>
										<th>Status</th>
									</tr>
								</thead>
								<tbody>
									<tr>
										<td>Oct 14, 2021 11:34:16 AM</td>
										<td class='linked' test-id='68'>UAT_M8_08-02-01-UAT_M8_08-02-02-Verify the Process of Escalated Case - Write-Off -Tax Collector</td>
										<td><span class='test-status fail'>fail</span></td>
									</tr>
								</tbody>
							</table>
						</div>
					</div>
				</li>
				<li class='category displayed active'>
					<div class='category-heading'>
						<span class='category-name'>@stationmanager</span>
						<span class='category-status right'>
						<span class='label fail'>1</span>
						</span>
					</div>
					<div class='category-content hide'>
						<div class='category-status-counts'>
							
							<span status="fail" class='label red lighten-1 white-text'>Failed: 1</span>
							
						</div>
						<div class='category-tests'>
							<table class='bordered table-results'>
								<thead>
									<tr>
										<th>Timestamp</th>
										<th>TestName</th>
										<th>Status</th>
									</tr>
								</thead>
								<tbody>
									<tr>
										<td>Oct 14, 2021 11:34:56 AM</td>
										<td class='linked' test-id='89'>UAT_M8_08-02-01-UAT_M8_08-02-02-Verify the Process of Escalated Case - Write-Off -Station Manager</td>
										<td><span class='test-status fail'>fail</span></td>
									</tr>
								</tbody>
							</table>
						</div>
					</div>
				</li>
				<li class='category displayed active'>
					<div class='category-heading'>
						<span class='category-name'>@DeputyComOp</span>
						<span class='category-status right'>
						<span class='label fail'>1</span>
						</span>
					</div>
					<div class='category-content hide'>
						<div class='category-status-counts'>
							
							<span status="fail" class='label red lighten-1 white-text'>Failed: 1</span>
							
						</div>
						<div class='category-tests'>
							<table class='bordered table-results'>
								<thead>
									<tr>
										<th>Timestamp</th>
										<th>TestName</th>
										<th>Status</th>
									</tr>
								</thead>
								<tbody>
									<tr>
										<td>Oct 14, 2021 11:36:35 AM</td>
										<td class='linked' test-id='110'>UAT_M8_08-02-01-UAT_M8_08-02-02-Verify the Process of Escalated Case - Write-Off -Deputy Commissioner Operations</td>
										<td><span class='test-status fail'>fail</span></td>
									</tr>
								</tbody>
							</table>
						</div>
					</div>
				</li>
				<li class='category displayed active'>
					<div class='category-heading'>
						<span class='category-name'>@DomTaxCom</span>
						<span class='category-status right'>
						<span class='label fail'>1</span>
						</span>
					</div>
					<div class='category-content hide'>
						<div class='category-status-counts'>
							
							<span status="fail" class='label red lighten-1 white-text'>Failed: 1</span>
							
						</div>
						<div class='category-tests'>
							<table class='bordered table-results'>
								<thead>
									<tr>
										<th>Timestamp</th>
										<th>TestName</th>
										<th>Status</th>
									</tr>
								</thead>
								<tbody>
									<tr>
										<td>Oct 14, 2021 11:38:15 AM</td>
										<td class='linked' test-id='131'>UAT_M8_08-02-01-UAT_M8_08-02-02-Verify the Process of Escalated Case - Write-Off -Domestic Taxes Commissioner</td>
										<td><span class='test-status fail'>fail</span></td>
									</tr>
								</tbody>
							</table>
						</div>
					</div>
				</li>
				<li class='category displayed active'>
					<div class='category-heading'>
						<span class='category-name'>@ComGen</span>
						<span class='category-status right'>
						<span class='label fail'>1</span>
						</span>
					</div>
					<div class='category-content hide'>
						<div class='category-status-counts'>
							
							<span status="fail" class='label red lighten-1 white-text'>Failed: 1</span>
							
						</div>
						<div class='category-tests'>
							<table class='bordered table-results'>
								<thead>
									<tr>
										<th>Timestamp</th>
										<th>TestName</th>
										<th>Status</th>
									</tr>
								</thead>
								<tbody>
									<tr>
										<td>Oct 14, 2021 11:38:48 AM</td>
										<td class='linked' test-id='152'>UAT_M8_08-02-01-UAT_M8_08-02-02-Verify the Process of Escalated Case - Write-Off -Commissioner General</td>
										<td><span class='test-status fail'>fail</span></td>
									</tr>
								</tbody>
							</table>
						</div>
					</div>
				</li>
				<li class='category displayed active'>
					<div class='category-heading'>
						<span class='category-name'>@debtofficer</span>
						<span class='category-status right'>
						<span class='label fail'>1</span>
						</span>
					</div>
					<div class='category-content hide'>
						<div class='category-status-counts'>
							
							<span status="fail" class='label red lighten-1 white-text'>Failed: 1</span>
							
						</div>
						<div class='category-tests'>
							<table class='bordered table-results'>
								<thead>
									<tr>
										<th>Timestamp</th>
										<th>TestName</th>
										<th>Status</th>
									</tr>
								</thead>
								<tbody>
									<tr>
										<td>Oct 14, 2021 11:39:28 AM</td>
										<td class='linked' test-id='173'>UAT_M8_08-02-01-UAT_M8_08-02-02-Verify the Process of Escalated Case - Write-Off -DebtOfficer</td>
										<td><span class='test-status fail'>fail</span></td>
									</tr>
								</tbody>
							</table>
						</div>
					</div>
				</li>
			</ul>
		</div>
	</div>
	<div class='subview-right left'>
		<div class='view-summary'>
			<h5 class='category-name'></h5>
		</div>
	</div>
</div>
<!-- category view --><div id='exception-view' class='view hide'>
	<section id='controls'>
		<div class='controls grey lighten-4'>
			<!-- search -->
			<div class='chip transparent' alt='Search Tests' title='Search Tests'>
				<a href="#" class='search-div'>
				<i class='material-icons'>search</i> Search
				</a>
				<div class='input-field left hide'>
					<input id='search-tests' type='text' class='validate browser-default' placeholder='Search Tests...'>
				</div>
			</div>
			<!-- search -->
		</div>
	</section>
	<div class='subview-left left'>
		<div class='view-summary'>
			<ul id='exception-collection' class='exception-collection'>
				<li class='exception displayed active'>
					<div class='exception-heading'>
						<span class='exception-name'>org.openqa.selenium.WebDriverException</span>
						<span class='exception-count right'><span class='label red lighten-1 white-text'>4</span></span>
					</div>
					<div class='exception-content hide'>
						<div class='exception-tests'>
							<table class='bordered table-results'>
								<thead>
									<tr>
										<th>Timestamp</th>
										<th>TestName</th>
										<th>Status</th>
									</tr>
								</thead>
								<tbody>
									<tr>
										<td>Oct 14, 2021 11:30:35 AM</td>
										<td class='linked' test-id='22'>And Click on Case management dropdown</td>
										<td>
											<textarea disabled class="code-block">org.openqa.selenium.WebDriverException: unknown error: session deleted because of page crash
from unknown error: cannot determine loading status
from tab crashed
  (Session info: chrome=94.0.4606.81)
Build info: version: '3.141.59', revision: 'e82be7d358', time: '2018-11-14T08:17:03'
System info: host: 'DESKTOP-1PQR32V', ip: '172.16.16.26', os.name: 'Windows 10', os.arch: 'amd64', os.version: '10.0', java.version: '16.0.1'
Driver info: org.openqa.selenium.chrome.ChromeDriver
Capabilities {acceptInsecureCerts: false, browserName: chrome, browserVersion: 94.0.4606.81, chrome: {chromedriverVersion: 94.0.4606.61 (418b78f5838ed..., userDataDir: C:\Users\maxma\AppData\Loca...}, goog:chromeOptions: {debuggerAddress: localhost:56851}, javascriptEnabled: true, networkConnectionEnabled: false, pageLoadStrategy: normal, platform: WINDOWS, platformName: WINDOWS, proxy: Proxy(), setWindowRect: true, strictFileInteractability: false, timeouts: {implicit: 0, pageLoad: 300000, script: 30000}, unhandledPromptBehavior: dismiss and notify, webauthn:extension:credBlob: true, webauthn:extension:largeBlob: true, webauthn:virtualAuthenticators: true}
Session ID: 428250b883aebfb345d5df057cff2d6a
*** Element info: {Using=xpath, value=//*[@id="TabCS"]/a}
	at java.base/jdk.internal.reflect.NativeConstructorAccessorImpl.newInstance0(Native Method)
	at java.base/jdk.internal.reflect.NativeConstructorAccessorImpl.newInstance(NativeConstructorAccessorImpl.java:78)
	at java.base/jdk.internal.reflect.DelegatingConstructorAccessorImpl.newInstance(DelegatingConstructorAccessorImpl.java:45)
	at java.base/java.lang.reflect.Constructor.newInstanceWithCaller(Constructor.java:499)
	at java.base/java.lang.reflect.Constructor.newInstance(Constructor.java:480)
	at org.openqa.selenium.remote.http.W3CHttpResponseCodec.createException(W3CHttpResponseCodec.java:187)
	at org.openqa.selenium.remote.http.W3CHttpResponseCodec.decode(W3CHttpResponseCodec.java:122)
	at org.openqa.selenium.remote.http.W3CHttpResponseCodec.decode(W3CHttpResponseCodec.java:49)
	at org.openqa.selenium.remote.HttpCommandExecutor.execute(HttpCommandExecutor.java:158)
	at org.openqa.selenium.remote.service.DriverCommandExecutor.execute(DriverCommandExecutor.java:83)
	at org.openqa.selenium.remote.RemoteWebDriver.execute(RemoteWebDriver.java:552)
	at org.openqa.selenium.remote.RemoteWebDriver.findElement(RemoteWebDriver.java:323)
	at org.openqa.selenium.remote.RemoteWebDriver.findElementByXPath(RemoteWebDriver.java:428)
	at org.openqa.selenium.By$ByXPath.findElement(By.java:353)
	at org.openqa.selenium.remote.RemoteWebDriver.findElement(RemoteWebDriver.java:315)
	at org.openqa.selenium.support.ui.ExpectedConditions$7.apply(ExpectedConditions.java:205)
	at org.openqa.selenium.support.ui.ExpectedConditions$7.apply(ExpectedConditions.java:201)
	at org.openqa.selenium.support.ui.FluentWait.until(FluentWait.java:249)
	at StepDefinitions.stepDefinitions.click_on_case_management_dropdown(stepDefinitions.java:210)
	at ✽.Click on Case management dropdown(file:///I:/work/TBL-MRA-DEBT/src/test/resources/FeatureFiles/b_Write-Off-Maintain%20Debt%20Management%20Case.feature:7)
</textarea>
										</td>
									</tr>
									<tr>
										<td>Oct 14, 2021 11:34:50 AM</td>
										<td class='linked' test-id='73'>And Click on Case management dropdown</td>
										<td>
											<textarea disabled class="code-block">org.openqa.selenium.WebDriverException: unknown error: session deleted because of page crash
from unknown error: cannot determine loading status
from tab crashed
  (Session info: chrome=94.0.4606.81)
Build info: version: '3.141.59', revision: 'e82be7d358', time: '2018-11-14T08:17:03'
System info: host: 'DESKTOP-1PQR32V', ip: '172.16.16.26', os.name: 'Windows 10', os.arch: 'amd64', os.version: '10.0', java.version: '16.0.1'
Driver info: org.openqa.selenium.chrome.ChromeDriver
Capabilities {acceptInsecureCerts: false, browserName: chrome, browserVersion: 94.0.4606.81, chrome: {chromedriverVersion: 94.0.4606.61 (418b78f5838ed..., userDataDir: C:\Users\maxma\AppData\Loca...}, goog:chromeOptions: {debuggerAddress: localhost:54345}, javascriptEnabled: true, networkConnectionEnabled: false, pageLoadStrategy: normal, platform: WINDOWS, platformName: WINDOWS, proxy: Proxy(), setWindowRect: true, strictFileInteractability: false, timeouts: {implicit: 0, pageLoad: 300000, script: 30000}, unhandledPromptBehavior: dismiss and notify, webauthn:extension:credBlob: true, webauthn:extension:largeBlob: true, webauthn:virtualAuthenticators: true}
Session ID: b840e75fb416f32a91c8f070c74c73cf
*** Element info: {Using=xpath, value=//*[@id="TabCS"]/a}
	at java.base/jdk.internal.reflect.NativeConstructorAccessorImpl.newInstance0(Native Method)
	at java.base/jdk.internal.reflect.NativeConstructorAccessorImpl.newInstance(NativeConstructorAccessorImpl.java:78)
	at java.base/jdk.internal.reflect.DelegatingConstructorAccessorImpl.newInstance(DelegatingConstructorAccessorImpl.java:45)
	at java.base/java.lang.reflect.Constructor.newInstanceWithCaller(Constructor.java:499)
	at java.base/java.lang.reflect.Constructor.newInstance(Constructor.java:480)
	at org.openqa.selenium.remote.http.W3CHttpResponseCodec.createException(W3CHttpResponseCodec.java:187)
	at org.openqa.selenium.remote.http.W3CHttpResponseCodec.decode(W3CHttpResponseCodec.java:122)
	at org.openqa.selenium.remote.http.W3CHttpResponseCodec.decode(W3CHttpResponseCodec.java:49)
	at org.openqa.selenium.remote.HttpCommandExecutor.execute(HttpCommandExecutor.java:158)
	at org.openqa.selenium.remote.service.DriverCommandExecutor.execute(DriverCommandExecutor.java:83)
	at org.openqa.selenium.remote.RemoteWebDriver.execute(RemoteWebDriver.java:552)
	at org.openqa.selenium.remote.RemoteWebDriver.findElement(RemoteWebDriver.java:323)
	at org.openqa.selenium.remote.RemoteWebDriver.findElementByXPath(RemoteWebDriver.java:428)
	at org.openqa.selenium.By$ByXPath.findElement(By.java:353)
	at org.openqa.selenium.remote.RemoteWebDriver.findElement(RemoteWebDriver.java:315)
	at org.openqa.selenium.support.ui.ExpectedConditions$7.apply(ExpectedConditions.java:205)
	at org.openqa.selenium.support.ui.ExpectedConditions$7.apply(ExpectedConditions.java:201)
	at org.openqa.selenium.support.ui.FluentWait.until(FluentWait.java:249)
	at StepDefinitions.stepDefinitions.click_on_case_management_dropdown(stepDefinitions.java:210)
	at ✽.Click on Case management dropdown(file:///I:/work/TBL-MRA-DEBT/src/test/resources/FeatureFiles/b_Write-Off-Maintain%20Debt%20Management%20Case.feature:56)
</textarea>
										</td>
									</tr>
									<tr>
										<td>Oct 14, 2021 11:38:34 AM</td>
										<td class='linked' test-id='136'>And Click on Case management dropdown</td>
										<td>
											<textarea disabled class="code-block">org.openqa.selenium.WebDriverException: unknown error: session deleted because of page crash
from unknown error: cannot determine loading status
from tab crashed
  (Session info: chrome=94.0.4606.81)
Build info: version: '3.141.59', revision: 'e82be7d358', time: '2018-11-14T08:17:03'
System info: host: 'DESKTOP-1PQR32V', ip: '172.16.16.26', os.name: 'Windows 10', os.arch: 'amd64', os.version: '10.0', java.version: '16.0.1'
Driver info: org.openqa.selenium.chrome.ChromeDriver
Capabilities {acceptInsecureCerts: false, browserName: chrome, browserVersion: 94.0.4606.81, chrome: {chromedriverVersion: 94.0.4606.61 (418b78f5838ed..., userDataDir: C:\Users\maxma\AppData\Loca...}, goog:chromeOptions: {debuggerAddress: localhost:60991}, javascriptEnabled: true, networkConnectionEnabled: false, pageLoadStrategy: normal, platform: WINDOWS, platformName: WINDOWS, proxy: Proxy(), setWindowRect: true, strictFileInteractability: false, timeouts: {implicit: 0, pageLoad: 300000, script: 30000}, unhandledPromptBehavior: dismiss and notify, webauthn:extension:credBlob: true, webauthn:extension:largeBlob: true, webauthn:virtualAuthenticators: true}
Session ID: 49bcc834ed36f4aba82d8600929c727c
*** Element info: {Using=xpath, value=//*[@id="TabCS"]/a}
	at java.base/jdk.internal.reflect.NativeConstructorAccessorImpl.newInstance0(Native Method)
	at java.base/jdk.internal.reflect.NativeConstructorAccessorImpl.newInstance(NativeConstructorAccessorImpl.java:78)
	at java.base/jdk.internal.reflect.DelegatingConstructorAccessorImpl.newInstance(DelegatingConstructorAccessorImpl.java:45)
	at java.base/java.lang.reflect.Constructor.newInstanceWithCaller(Constructor.java:499)
	at java.base/java.lang.reflect.Constructor.newInstance(Constructor.java:480)
	at org.openqa.selenium.remote.http.W3CHttpResponseCodec.createException(W3CHttpResponseCodec.java:187)
	at org.openqa.selenium.remote.http.W3CHttpResponseCodec.decode(W3CHttpResponseCodec.java:122)
	at org.openqa.selenium.remote.http.W3CHttpResponseCodec.decode(W3CHttpResponseCodec.java:49)
	at org.openqa.selenium.remote.HttpCommandExecutor.execute(HttpCommandExecutor.java:158)
	at org.openqa.selenium.remote.service.DriverCommandExecutor.execute(DriverCommandExecutor.java:83)
	at org.openqa.selenium.remote.RemoteWebDriver.execute(RemoteWebDriver.java:552)
	at org.openqa.selenium.remote.RemoteWebDriver.findElement(RemoteWebDriver.java:323)
	at org.openqa.selenium.remote.RemoteWebDriver.findElementByXPath(RemoteWebDriver.java:428)
	at org.openqa.selenium.By$ByXPath.findElement(By.java:353)
	at org.openqa.selenium.remote.RemoteWebDriver.findElement(RemoteWebDriver.java:315)
	at org.openqa.selenium.support.ui.ExpectedConditions$7.apply(ExpectedConditions.java:205)
	at org.openqa.selenium.support.ui.ExpectedConditions$7.apply(ExpectedConditions.java:201)
	at org.openqa.selenium.support.ui.FluentWait.until(FluentWait.java:249)
	at StepDefinitions.stepDefinitions.click_on_case_management_dropdown(stepDefinitions.java:210)
	at ✽.Click on Case management dropdown(file:///I:/work/TBL-MRA-DEBT/src/test/resources/FeatureFiles/b_Write-Off-Maintain%20Debt%20Management%20Case.feature:113)
</textarea>
										</td>
									</tr>
									<tr>
										<td>Oct 14, 2021 11:39:11 AM</td>
										<td class='linked' test-id='157'>And Click on Case management dropdown</td>
										<td>
											<textarea disabled class="code-block">org.openqa.selenium.WebDriverException: unknown error: session deleted because of page crash
from unknown error: cannot determine loading status
from tab crashed
  (Session info: chrome=94.0.4606.81)
Build info: version: '3.141.59', revision: 'e82be7d358', time: '2018-11-14T08:17:03'
System info: host: 'DESKTOP-1PQR32V', ip: '172.16.16.26', os.name: 'Windows 10', os.arch: 'amd64', os.version: '10.0', java.version: '16.0.1'
Driver info: org.openqa.selenium.chrome.ChromeDriver
Capabilities {acceptInsecureCerts: false, browserName: chrome, browserVersion: 94.0.4606.81, chrome: {chromedriverVersion: 94.0.4606.61 (418b78f5838ed..., userDataDir: C:\Users\maxma\AppData\Loca...}, goog:chromeOptions: {debuggerAddress: localhost:51448}, javascriptEnabled: true, networkConnectionEnabled: false, pageLoadStrategy: normal, platform: WINDOWS, platformName: WINDOWS, proxy: Proxy(), setWindowRect: true, strictFileInteractability: false, timeouts: {implicit: 0, pageLoad: 300000, script: 30000}, unhandledPromptBehavior: dismiss and notify, webauthn:extension:credBlob: true, webauthn:extension:largeBlob: true, webauthn:virtualAuthenticators: true}
Session ID: 42365fdf0366fd20109c62197846e907
*** Element info: {Using=xpath, value=//*[@id="TabCS"]/a}
	at java.base/jdk.internal.reflect.NativeConstructorAccessorImpl.newInstance0(Native Method)
	at java.base/jdk.internal.reflect.NativeConstructorAccessorImpl.newInstance(NativeConstructorAccessorImpl.java:78)
	at java.base/jdk.internal.reflect.DelegatingConstructorAccessorImpl.newInstance(DelegatingConstructorAccessorImpl.java:45)
	at java.base/java.lang.reflect.Constructor.newInstanceWithCaller(Constructor.java:499)
	at java.base/java.lang.reflect.Constructor.newInstance(Constructor.java:480)
	at org.openqa.selenium.remote.http.W3CHttpResponseCodec.createException(W3CHttpResponseCodec.java:187)
	at org.openqa.selenium.remote.http.W3CHttpResponseCodec.decode(W3CHttpResponseCodec.java:122)
	at org.openqa.selenium.remote.http.W3CHttpResponseCodec.decode(W3CHttpResponseCodec.java:49)
	at org.openqa.selenium.remote.HttpCommandExecutor.execute(HttpCommandExecutor.java:158)
	at org.openqa.selenium.remote.service.DriverCommandExecutor.execute(DriverCommandExecutor.java:83)
	at org.openqa.selenium.remote.RemoteWebDriver.execute(RemoteWebDriver.java:552)
	at org.openqa.selenium.remote.RemoteWebDriver.findElement(RemoteWebDriver.java:323)
	at org.openqa.selenium.remote.RemoteWebDriver.findElementByXPath(RemoteWebDriver.java:428)
	at org.openqa.selenium.By$ByXPath.findElement(By.java:353)
	at org.openqa.selenium.remote.RemoteWebDriver.findElement(RemoteWebDriver.java:315)
	at org.openqa.selenium.support.ui.ExpectedConditions$7.apply(ExpectedConditions.java:205)
	at org.openqa.selenium.support.ui.ExpectedConditions$7.apply(ExpectedConditions.java:201)
	at org.openqa.selenium.support.ui.FluentWait.until(FluentWait.java:249)
	at StepDefinitions.stepDefinitions.click_on_case_management_dropdown(stepDefinitions.java:210)
	at ✽.Click on Case management dropdown(file:///I:/work/TBL-MRA-DEBT/src/test/resources/FeatureFiles/b_Write-Off-Maintain%20Debt%20Management%20Case.feature:132)
</textarea>
										</td>
									</tr>
								</tbody>
							</table>
						</div>
					</div>
				</li>
				<li class='exception displayed active'>
					<div class='exception-heading'>
						<span class='exception-name'>org.openqa.selenium.NoSuchSessionException</span>
						<span class='exception-count right'><span class='label red lighten-1 white-text'>4</span></span>
					</div>
					<div class='exception-content hide'>
						<div class='exception-tests'>
							<table class='bordered table-results'>
								<thead>
									<tr>
										<th>Timestamp</th>
										<th>TestName</th>
										<th>Status</th>
									</tr>
								</thead>
								<tbody>
									<tr>
										<td>Oct 14, 2021 11:30:50 AM</td>
										<td class='linked' test-id='35'>StepDefinitions.Hooks.AftersaveScreenshot(io.cucumber.java.Scenario)</td>
										<td>
											<textarea disabled class="code-block">org.openqa.selenium.NoSuchSessionException: invalid session id
Build info: version: '3.141.59', revision: 'e82be7d358', time: '2018-11-14T08:17:03'
System info: host: 'DESKTOP-1PQR32V', ip: '172.16.16.26', os.name: 'Windows 10', os.arch: 'amd64', os.version: '10.0', java.version: '16.0.1'
Driver info: org.openqa.selenium.chrome.ChromeDriver
Capabilities {acceptInsecureCerts: false, browserName: chrome, browserVersion: 94.0.4606.81, chrome: {chromedriverVersion: 94.0.4606.61 (418b78f5838ed..., userDataDir: C:\Users\maxma\AppData\Loca...}, goog:chromeOptions: {debuggerAddress: localhost:56851}, javascriptEnabled: true, networkConnectionEnabled: false, pageLoadStrategy: normal, platform: WINDOWS, platformName: WINDOWS, proxy: Proxy(), setWindowRect: true, strictFileInteractability: false, timeouts: {implicit: 0, pageLoad: 300000, script: 30000}, unhandledPromptBehavior: dismiss and notify, webauthn:extension:credBlob: true, webauthn:extension:largeBlob: true, webauthn:virtualAuthenticators: true}
Session ID: 428250b883aebfb345d5df057cff2d6a
	at java.base/jdk.internal.reflect.NativeConstructorAccessorImpl.newInstance0(Native Method)
	at java.base/jdk.internal.reflect.NativeConstructorAccessorImpl.newInstance(NativeConstructorAccessorImpl.java:78)
	at java.base/jdk.internal.reflect.DelegatingConstructorAccessorImpl.newInstance(DelegatingConstructorAccessorImpl.java:45)
	at java.base/java.lang.reflect.Constructor.newInstanceWithCaller(Constructor.java:499)
	at java.base/java.lang.reflect.Constructor.newInstance(Constructor.java:480)
	at org.openqa.selenium.remote.http.W3CHttpResponseCodec.createException(W3CHttpResponseCodec.java:187)
	at org.openqa.selenium.remote.http.W3CHttpResponseCodec.decode(W3CHttpResponseCodec.java:122)
	at org.openqa.selenium.remote.http.W3CHttpResponseCodec.decode(W3CHttpResponseCodec.java:49)
	at org.openqa.selenium.remote.HttpCommandExecutor.execute(HttpCommandExecutor.java:158)
	at org.openqa.selenium.remote.service.DriverCommandExecutor.execute(DriverCommandExecutor.java:83)
	at org.openqa.selenium.remote.RemoteWebDriver.execute(RemoteWebDriver.java:552)
	at org.openqa.selenium.remote.RemoteWebDriver.execute(RemoteWebDriver.java:609)
	at org.openqa.selenium.remote.RemoteWebDriver.getScreenshotAs(RemoteWebDriver.java:295)
	at StepDefinitions.Hooks.AftersaveScreenshot(Hooks.java:40)
</textarea>
										</td>
									</tr>
									<tr>
										<td>Oct 14, 2021 11:34:55 AM</td>
										<td class='linked' test-id='87'>StepDefinitions.Hooks.AftersaveScreenshot(io.cucumber.java.Scenario)</td>
										<td>
											<textarea disabled class="code-block">org.openqa.selenium.NoSuchSessionException: invalid session id
Build info: version: '3.141.59', revision: 'e82be7d358', time: '2018-11-14T08:17:03'
System info: host: 'DESKTOP-1PQR32V', ip: '172.16.16.26', os.name: 'Windows 10', os.arch: 'amd64', os.version: '10.0', java.version: '16.0.1'
Driver info: org.openqa.selenium.chrome.ChromeDriver
Capabilities {acceptInsecureCerts: false, browserName: chrome, browserVersion: 94.0.4606.81, chrome: {chromedriverVersion: 94.0.4606.61 (418b78f5838ed..., userDataDir: C:\Users\maxma\AppData\Loca...}, goog:chromeOptions: {debuggerAddress: localhost:54345}, javascriptEnabled: true, networkConnectionEnabled: false, pageLoadStrategy: normal, platform: WINDOWS, platformName: WINDOWS, proxy: Proxy(), setWindowRect: true, strictFileInteractability: false, timeouts: {implicit: 0, pageLoad: 300000, script: 30000}, unhandledPromptBehavior: dismiss and notify, webauthn:extension:credBlob: true, webauthn:extension:largeBlob: true, webauthn:virtualAuthenticators: true}
Session ID: b840e75fb416f32a91c8f070c74c73cf
	at java.base/jdk.internal.reflect.NativeConstructorAccessorImpl.newInstance0(Native Method)
	at java.base/jdk.internal.reflect.NativeConstructorAccessorImpl.newInstance(NativeConstructorAccessorImpl.java:78)
	at java.base/jdk.internal.reflect.DelegatingConstructorAccessorImpl.newInstance(DelegatingConstructorAccessorImpl.java:45)
	at java.base/java.lang.reflect.Constructor.newInstanceWithCaller(Constructor.java:499)
	at java.base/java.lang.reflect.Constructor.newInstance(Constructor.java:480)
	at org.openqa.selenium.remote.http.W3CHttpResponseCodec.createException(W3CHttpResponseCodec.java:187)
	at org.openqa.selenium.remote.http.W3CHttpResponseCodec.decode(W3CHttpResponseCodec.java:122)
	at org.openqa.selenium.remote.http.W3CHttpResponseCodec.decode(W3CHttpResponseCodec.java:49)
	at org.openqa.selenium.remote.HttpCommandExecutor.execute(HttpCommandExecutor.java:158)
	at org.openqa.selenium.remote.service.DriverCommandExecutor.execute(DriverCommandExecutor.java:83)
	at org.openqa.selenium.remote.RemoteWebDriver.execute(RemoteWebDriver.java:552)
	at org.openqa.selenium.remote.RemoteWebDriver.execute(RemoteWebDriver.java:609)
	at org.openqa.selenium.remote.RemoteWebDriver.getScreenshotAs(RemoteWebDriver.java:295)
	at StepDefinitions.Hooks.AftersaveScreenshot(Hooks.java:40)
</textarea>
										</td>
									</tr>
									<tr>
										<td>Oct 14, 2021 11:38:47 AM</td>
										<td class='linked' test-id='150'>StepDefinitions.Hooks.AftersaveScreenshot(io.cucumber.java.Scenario)</td>
										<td>
											<textarea disabled class="code-block">org.openqa.selenium.NoSuchSessionException: invalid session id
Build info: version: '3.141.59', revision: 'e82be7d358', time: '2018-11-14T08:17:03'
System info: host: 'DESKTOP-1PQR32V', ip: '172.16.16.26', os.name: 'Windows 10', os.arch: 'amd64', os.version: '10.0', java.version: '16.0.1'
Driver info: org.openqa.selenium.chrome.ChromeDriver
Capabilities {acceptInsecureCerts: false, browserName: chrome, browserVersion: 94.0.4606.81, chrome: {chromedriverVersion: 94.0.4606.61 (418b78f5838ed..., userDataDir: C:\Users\maxma\AppData\Loca...}, goog:chromeOptions: {debuggerAddress: localhost:60991}, javascriptEnabled: true, networkConnectionEnabled: false, pageLoadStrategy: normal, platform: WINDOWS, platformName: WINDOWS, proxy: Proxy(), setWindowRect: true, strictFileInteractability: false, timeouts: {implicit: 0, pageLoad: 300000, script: 30000}, unhandledPromptBehavior: dismiss and notify, webauthn:extension:credBlob: true, webauthn:extension:largeBlob: true, webauthn:virtualAuthenticators: true}
Session ID: 49bcc834ed36f4aba82d8600929c727c
	at java.base/jdk.internal.reflect.NativeConstructorAccessorImpl.newInstance0(Native Method)
	at java.base/jdk.internal.reflect.NativeConstructorAccessorImpl.newInstance(NativeConstructorAccessorImpl.java:78)
	at java.base/jdk.internal.reflect.DelegatingConstructorAccessorImpl.newInstance(DelegatingConstructorAccessorImpl.java:45)
	at java.base/java.lang.reflect.Constructor.newInstanceWithCaller(Constructor.java:499)
	at java.base/java.lang.reflect.Constructor.newInstance(Constructor.java:480)
	at org.openqa.selenium.remote.http.W3CHttpResponseCodec.createException(W3CHttpResponseCodec.java:187)
	at org.openqa.selenium.remote.http.W3CHttpResponseCodec.decode(W3CHttpResponseCodec.java:122)
	at org.openqa.selenium.remote.http.W3CHttpResponseCodec.decode(W3CHttpResponseCodec.java:49)
	at org.openqa.selenium.remote.HttpCommandExecutor.execute(HttpCommandExecutor.java:158)
	at org.openqa.selenium.remote.service.DriverCommandExecutor.execute(DriverCommandExecutor.java:83)
	at org.openqa.selenium.remote.RemoteWebDriver.execute(RemoteWebDriver.java:552)
	at org.openqa.selenium.remote.RemoteWebDriver.execute(RemoteWebDriver.java:609)
	at org.openqa.selenium.remote.RemoteWebDriver.getScreenshotAs(RemoteWebDriver.java:295)
	at StepDefinitions.Hooks.AftersaveScreenshot(Hooks.java:40)
</textarea>
										</td>
									</tr>
									<tr>
										<td>Oct 14, 2021 11:39:25 AM</td>
										<td class='linked' test-id='171'>StepDefinitions.Hooks.AftersaveScreenshot(io.cucumber.java.Scenario)</td>
										<td>
											<textarea disabled class="code-block">org.openqa.selenium.NoSuchSessionException: invalid session id
Build info: version: '3.141.59', revision: 'e82be7d358', time: '2018-11-14T08:17:03'
System info: host: 'DESKTOP-1PQR32V', ip: '172.16.16.26', os.name: 'Windows 10', os.arch: 'amd64', os.version: '10.0', java.version: '16.0.1'
Driver info: org.openqa.selenium.chrome.ChromeDriver
Capabilities {acceptInsecureCerts: false, browserName: chrome, browserVersion: 94.0.4606.81, chrome: {chromedriverVersion: 94.0.4606.61 (418b78f5838ed..., userDataDir: C:\Users\maxma\AppData\Loca...}, goog:chromeOptions: {debuggerAddress: localhost:51448}, javascriptEnabled: true, networkConnectionEnabled: false, pageLoadStrategy: normal, platform: WINDOWS, platformName: WINDOWS, proxy: Proxy(), setWindowRect: true, strictFileInteractability: false, timeouts: {implicit: 0, pageLoad: 300000, script: 30000}, unhandledPromptBehavior: dismiss and notify, webauthn:extension:credBlob: true, webauthn:extension:largeBlob: true, webauthn:virtualAuthenticators: true}
Session ID: 42365fdf0366fd20109c62197846e907
	at java.base/jdk.internal.reflect.NativeConstructorAccessorImpl.newInstance0(Native Method)
	at java.base/jdk.internal.reflect.NativeConstructorAccessorImpl.newInstance(NativeConstructorAccessorImpl.java:78)
	at java.base/jdk.internal.reflect.DelegatingConstructorAccessorImpl.newInstance(DelegatingConstructorAccessorImpl.java:45)
	at java.base/java.lang.reflect.Constructor.newInstanceWithCaller(Constructor.java:499)
	at java.base/java.lang.reflect.Constructor.newInstance(Constructor.java:480)
	at org.openqa.selenium.remote.http.W3CHttpResponseCodec.createException(W3CHttpResponseCodec.java:187)
	at org.openqa.selenium.remote.http.W3CHttpResponseCodec.decode(W3CHttpResponseCodec.java:122)
	at org.openqa.selenium.remote.http.W3CHttpResponseCodec.decode(W3CHttpResponseCodec.java:49)
	at org.openqa.selenium.remote.HttpCommandExecutor.execute(HttpCommandExecutor.java:158)
	at org.openqa.selenium.remote.service.DriverCommandExecutor.execute(DriverCommandExecutor.java:83)
	at org.openqa.selenium.remote.RemoteWebDriver.execute(RemoteWebDriver.java:552)
	at org.openqa.selenium.remote.RemoteWebDriver.execute(RemoteWebDriver.java:609)
	at org.openqa.selenium.remote.RemoteWebDriver.getScreenshotAs(RemoteWebDriver.java:295)
	at StepDefinitions.Hooks.AftersaveScreenshot(Hooks.java:40)
</textarea>
										</td>
									</tr>
								</tbody>
							</table>
						</div>
					</div>
				</li>
				<li class='exception displayed active'>
					<div class='exception-heading'>
						<span class='exception-name'>org.openqa.selenium.TimeoutException</span>
						<span class='exception-count right'><span class='label red lighten-1 white-text'>4</span></span>
					</div>
					<div class='exception-content hide'>
						<div class='exception-tests'>
							<table class='bordered table-results'>
								<thead>
									<tr>
										<th>Timestamp</th>
										<th>TestName</th>
										<th>Status</th>
									</tr>
								</thead>
								<tbody>
									<tr>
										<td>Oct 14, 2021 11:32:28 AM</td>
										<td class='linked' test-id='50'>And wait for plan to load "Total Debt:"</td>
										<td>
											<textarea disabled class="code-block">org.openqa.selenium.TimeoutException: Expected condition failed: waiting for visibility of element located by By.xpath: //label[text()='Total Debt:'] (tried for 100 second(s) with 500 milliseconds interval)
	at org.openqa.selenium.support.ui.WebDriverWait.timeoutException(WebDriverWait.java:95)
	at org.openqa.selenium.support.ui.FluentWait.until(FluentWait.java:272)
	at StepDefinitions.stepDefinitions.wait_for_duplicate_check(stepDefinitions.java:302)
	at ✽.wait for plan to load "Total Debt:"(file:///I:/work/TBL-MRA-DEBT/src/test/resources/FeatureFiles/b_Write-Off-Maintain%20Debt%20Management%20Case.feature:35)
Caused by: org.openqa.selenium.NoSuchElementException: no such element: Unable to locate element: {"method":"xpath","selector":"//label[text()='Total Debt:']"}
  (Session info: chrome=94.0.4606.81)
For documentation on this error, please visit: https://www.seleniumhq.org/exceptions/no_such_element.html
Build info: version: '3.141.59', revision: 'e82be7d358', time: '2018-11-14T08:17:03'
System info: host: 'DESKTOP-1PQR32V', ip: '172.16.16.26', os.name: 'Windows 10', os.arch: 'amd64', os.version: '10.0', java.version: '16.0.1'
Driver info: org.openqa.selenium.chrome.ChromeDriver
Capabilities {acceptInsecureCerts: false, browserName: chrome, browserVersion: 94.0.4606.81, chrome: {chromedriverVersion: 94.0.4606.61 (418b78f5838ed..., userDataDir: C:\Users\maxma\AppData\Loca...}, goog:chromeOptions: {debuggerAddress: localhost:54813}, javascriptEnabled: true, networkConnectionEnabled: false, pageLoadStrategy: normal, platform: WINDOWS, platformName: WINDOWS, proxy: Proxy(), setWindowRect: true, strictFileInteractability: false, timeouts: {implicit: 0, pageLoad: 300000, script: 30000}, unhandledPromptBehavior: dismiss and notify, webauthn:extension:credBlob: true, webauthn:extension:largeBlob: true, webauthn:virtualAuthenticators: true}
Session ID: 1c23ae8ee25ebe2b005269dfad286768
*** Element info: {Using=xpath, value=//label[text()='Total Debt:']}
	at jdk.internal.reflect.GeneratedConstructorAccessor12.newInstance(Unknown Source)
	at java.base/jdk.internal.reflect.DelegatingConstructorAccessorImpl.newInstance(DelegatingConstructorAccessorImpl.java:45)
	at java.base/java.lang.reflect.Constructor.newInstanceWithCaller(Constructor.java:499)
	at java.base/java.lang.reflect.Constructor.newInstance(Constructor.java:480)
	at org.openqa.selenium.remote.http.W3CHttpResponseCodec.createException(W3CHttpResponseCodec.java:187)
	at org.openqa.selenium.remote.http.W3CHttpResponseCodec.decode(W3CHttpResponseCodec.java:122)
	at org.openqa.selenium.remote.http.W3CHttpResponseCodec.decode(W3CHttpResponseCodec.java:49)
	at org.openqa.selenium.remote.HttpCommandExecutor.execute(HttpCommandExecutor.java:158)
	at org.openqa.selenium.remote.service.DriverCommandExecutor.execute(DriverCommandExecutor.java:83)
	at org.openqa.selenium.remote.RemoteWebDriver.execute(RemoteWebDriver.java:552)
	at org.openqa.selenium.remote.RemoteWebDriver.findElement(RemoteWebDriver.java:323)
	at org.openqa.selenium.remote.RemoteWebDriver.findElementByXPath(RemoteWebDriver.java:428)
	at org.openqa.selenium.By$ByXPath.findElement(By.java:353)
	at org.openqa.selenium.remote.RemoteWebDriver.findElement(RemoteWebDriver.java:315)
	at org.openqa.selenium.support.ui.ExpectedConditions$7.apply(ExpectedConditions.java:205)
	at org.openqa.selenium.support.ui.ExpectedConditions$7.apply(ExpectedConditions.java:201)
	at org.openqa.selenium.support.ui.FluentWait.until(FluentWait.java:249)
	at StepDefinitions.stepDefinitions.wait_for_duplicate_check(stepDefinitions.java:302)
	at java.base/jdk.internal.reflect.NativeMethodAccessorImpl.invoke0(Native Method)
	at java.base/jdk.internal.reflect.NativeMethodAccessorImpl.invoke(NativeMethodAccessorImpl.java:78)
	at java.base/jdk.internal.reflect.DelegatingMethodAccessorImpl.invoke(DelegatingMethodAccessorImpl.java:43)
	at java.base/java.lang.reflect.Method.invoke(Method.java:567)
	at io.cucumber.java.Invoker.doInvoke(Invoker.java:66)
	at io.cucumber.java.Invoker.invoke(Invoker.java:24)
	at io.cucumber.java.AbstractGlueDefinition.invokeMethod(AbstractGlueDefinition.java:44)
	at io.cucumber.java.JavaStepDefinition.execute(JavaStepDefinition.java:29)
	at io.cucumber.core.runner.CoreStepDefinition.execute(CoreStepDefinition.java:64)
	at io.cucumber.core.runner.PickleStepDefinitionMatch.runStep(PickleStepDefinitionMatch.java:63)
	at io.cucumber.core.runner.TestStep.executeStep(TestStep.java:92)
	at io.cucumber.core.runner.TestStep.run(TestStep.java:63)
	at io.cucumber.core.runner.PickleStepTestStep.run(PickleStepTestStep.java:49)
	at io.cucumber.core.runner.TestCase.run(TestCase.java:99)
	at io.cucumber.core.runner.Runner.runPickle(Runner.java:71)
	at io.cucumber.junit.PickleRunners$NoStepDescriptions.run(PickleRunners.java:140)
	at io.cucumber.junit.FeatureRunner.runChild(FeatureRunner.java:118)
	at io.cucumber.junit.FeatureRunner.runChild(FeatureRunner.java:24)
	at org.junit.runners.ParentRunner$3.run(ParentRunner.java:238)
	at org.junit.runners.ParentRunner$1.schedule(ParentRunner.java:63)
	at org.junit.runners.ParentRunner.runChildren(ParentRunner.java:236)
	at org.junit.runners.ParentRunner.access$000(ParentRunner.java:53)
	at org.junit.runners.ParentRunner$2.evaluate(ParentRunner.java:229)
	at org.junit.runners.ParentRunner.run(ParentRunner.java:309)
	at io.cucumber.junit.Cucumber.runChild(Cucumber.java:192)
	at io.cucumber.junit.Cucumber.runChild(Cucumber.java:88)
	at org.junit.runners.ParentRunner$3.run(ParentRunner.java:238)
	at org.junit.runners.ParentRunner$1.schedule(ParentRunner.java:63)
	at org.junit.runners.ParentRunner.runChildren(ParentRunner.java:236)
	at org.junit.runners.ParentRunner.access$000(ParentRunner.java:53)
	at org.junit.runners.ParentRunner$2.evaluate(ParentRunner.java:229)
	at io.cucumber.junit.Cucumber$RunCucumber.evaluate(Cucumber.java:227)
	at org.junit.runners.ParentRunner.run(ParentRunner.java:309)
	at org.junit.runner.JUnitCore.run(JUnitCore.java:160)
	at com.intellij.junit4.JUnit4IdeaTestRunner.startRunnerWithArgs(JUnit4IdeaTestRunner.java:69)
	at com.intellij.rt.junit.IdeaTestRunner$Repeater.startRunnerWithArgs(IdeaTestRunner.java:33)
	at com.intellij.rt.junit.JUnitStarter.prepareStreamsAndStart(JUnitStarter.java:221)
	at com.intellij.rt.junit.JUnitStarter.main(JUnitStarter.java:54)
</textarea>
										</td>
									</tr>
									<tr>
										<td>Oct 14, 2021 11:35:54 AM</td>
										<td class='linked' test-id='99'>And click pick button</td>
										<td>
											<textarea disabled class="code-block">org.openqa.selenium.TimeoutException: Expected condition failed: waiting for visibility of element located by By.id: moreCommands (tried for 40 second(s) with 500 milliseconds interval)
Build info: version: '3.141.59', revision: 'e82be7d358', time: '2018-11-14T08:17:03'
System info: host: 'DESKTOP-1PQR32V', ip: '172.16.16.26', os.name: 'Windows 10', os.arch: 'amd64', os.version: '10.0', java.version: '16.0.1'
Driver info: org.openqa.selenium.chrome.ChromeDriver
Capabilities {acceptInsecureCerts: false, browserName: chrome, browserVersion: 94.0.4606.81, chrome: {chromedriverVersion: 94.0.4606.61 (418b78f5838ed..., userDataDir: C:\Users\maxma\AppData\Loca...}, goog:chromeOptions: {debuggerAddress: localhost:55631}, javascriptEnabled: true, networkConnectionEnabled: false, pageLoadStrategy: normal, platform: WINDOWS, platformName: WINDOWS, proxy: Proxy(), setWindowRect: true, strictFileInteractability: false, timeouts: {implicit: 0, pageLoad: 300000, script: 30000}, unhandledPromptBehavior: dismiss and notify, webauthn:extension:credBlob: true, webauthn:extension:largeBlob: true, webauthn:virtualAuthenticators: true}
Session ID: 8934308d03ea756d6c0ecd129748fb7f
	at org.openqa.selenium.support.ui.WebDriverWait.timeoutException(WebDriverWait.java:95)
	at org.openqa.selenium.support.ui.FluentWait.until(FluentWait.java:272)
	at StepDefinitions.stepDefinitions.click_pick_button(stepDefinitions.java:265)
	at ✽.click pick button(file:///I:/work/TBL-MRA-DEBT/src/test/resources/FeatureFiles/b_Write-Off-Maintain%20Debt%20Management%20Case.feature:80)
</textarea>
										</td>
									</tr>
									<tr>
										<td>Oct 14, 2021 11:37:33 AM</td>
										<td class='linked' test-id='120'>And click pick button</td>
										<td>
											<textarea disabled class="code-block">org.openqa.selenium.TimeoutException: Expected condition failed: waiting for visibility of element located by By.id: moreCommands (tried for 40 second(s) with 500 milliseconds interval)
Build info: version: '3.141.59', revision: 'e82be7d358', time: '2018-11-14T08:17:03'
System info: host: 'DESKTOP-1PQR32V', ip: '172.16.16.26', os.name: 'Windows 10', os.arch: 'amd64', os.version: '10.0', java.version: '16.0.1'
Driver info: org.openqa.selenium.chrome.ChromeDriver
Capabilities {acceptInsecureCerts: false, browserName: chrome, browserVersion: 94.0.4606.81, chrome: {chromedriverVersion: 94.0.4606.61 (418b78f5838ed..., userDataDir: C:\Users\maxma\AppData\Loca...}, goog:chromeOptions: {debuggerAddress: localhost:56925}, javascriptEnabled: true, networkConnectionEnabled: false, pageLoadStrategy: normal, platform: WINDOWS, platformName: WINDOWS, proxy: Proxy(), setWindowRect: true, strictFileInteractability: false, timeouts: {implicit: 0, pageLoad: 300000, script: 30000}, unhandledPromptBehavior: dismiss and notify, webauthn:extension:credBlob: true, webauthn:extension:largeBlob: true, webauthn:virtualAuthenticators: true}
Session ID: 96e8d661e2eabda22ee8805e1678fcc5
	at org.openqa.selenium.support.ui.WebDriverWait.timeoutException(WebDriverWait.java:95)
	at org.openqa.selenium.support.ui.FluentWait.until(FluentWait.java:272)
	at StepDefinitions.stepDefinitions.click_pick_button(stepDefinitions.java:265)
	at ✽.click pick button(file:///I:/work/TBL-MRA-DEBT/src/test/resources/FeatureFiles/b_Write-Off-Maintain%20Debt%20Management%20Case.feature:99)
</textarea>
										</td>
									</tr>
									<tr>
										<td>Oct 14, 2021 11:40:48 AM</td>
										<td class='linked' test-id='186'>Then Debt status should be "Write Off Approved"</td>
										<td>
											<textarea disabled class="code-block">org.openqa.selenium.TimeoutException: Expected condition failed: waiting for visibility of element located by By.xpath: //*[text()='Write Off Approved'] (tried for 60 second(s) with 500 milliseconds interval)
Build info: version: '3.141.59', revision: 'e82be7d358', time: '2018-11-14T08:17:03'
System info: host: 'DESKTOP-1PQR32V', ip: '172.16.16.26', os.name: 'Windows 10', os.arch: 'amd64', os.version: '10.0', java.version: '16.0.1'
Driver info: org.openqa.selenium.chrome.ChromeDriver
Capabilities {acceptInsecureCerts: false, browserName: chrome, browserVersion: 94.0.4606.81, chrome: {chromedriverVersion: 94.0.4606.61 (418b78f5838ed..., userDataDir: C:\Users\maxma\AppData\Loca...}, goog:chromeOptions: {debuggerAddress: localhost:64097}, javascriptEnabled: true, networkConnectionEnabled: false, pageLoadStrategy: normal, platform: WINDOWS, platformName: WINDOWS, proxy: Proxy(), setWindowRect: true, strictFileInteractability: false, timeouts: {implicit: 0, pageLoad: 300000, script: 30000}, unhandledPromptBehavior: dismiss and notify, webauthn:extension:credBlob: true, webauthn:extension:largeBlob: true, webauthn:virtualAuthenticators: true}
Session ID: 684f9edb44cbf8e1e336d6cc095886d0
	at org.openqa.selenium.support.ui.WebDriverWait.timeoutException(WebDriverWait.java:95)
	at org.openqa.selenium.support.ui.FluentWait.until(FluentWait.java:272)
	at StepDefinitions.stepDefinitions.application_status_should_be_something(stepDefinitions.java:289)
	at ✽.Debt status should be "Write Off Approved"(file:///I:/work/TBL-MRA-DEBT/src/test/resources/FeatureFiles/b_Write-Off-Maintain%20Debt%20Management%20Case.feature:159)
</textarea>
										</td>
									</tr>
								</tbody>
							</table>
						</div>
					</div>
				</li>
			</ul>
		</div>
	</div>
	<div class='subview-right left'>
		<div class='view-summary'>
			<h5 class='exception-name'></h5>
		</div>
	</div>
</div>
<!-- exception view --><div id='dashboard-view' class='view hide'>
	<div class='card-panel transparent np-v'>
		<h5>Dashboard</h5>

		<div class='row'>
			<div class='col s2'>
				<div class='card-panel r'>
					Features
					<div class='panel-lead'>2</div>
				</div>
			</div>
			<div class='col s2'>
				<div class='card-panel r'>
					Scenarios
					<div class='panel-lead'>9</div>
				</div>
			</div>
			<div class='col s2'>
				<div class='card-panel r'>
					Steps
					<div class='panel-lead'>148</div>
				</div>
			</div>
			<div class='col s2'>
				<div class='card-panel r'>
					Start
					<div class='panel-lead'>Oct 14, 2021 11:28:49 AM</div>
				</div>
			</div>
			<div class='col s2'>
				<div class='card-panel r'>
			 		End
			 		<div class='panel-lead'>Oct 14, 2021 11:42:00 AM</div>
				</div>
			</div>
			<div class='col s2'>
				<div class='card-panel r'>
					Time Taken
					<div class='panel-lead'>0h 13m 10s+460ms</div>
				</div>
			</div>
			<div class='col s6'>
				<div class='card-panel dashboard-categories'>
					<span class='right label cyan white-text'>Categories</span><p>&nbsp;</p>
					
					<table>
						<tr>
							<th>Name</th>
							<th>Passed</th>
							<th>Failed</th>
							<th>Skipped</th>
							<th>Passed %</th>
						</tr>
						<tr>
							<td>@Write-Off</td>
							<td>1</td>
							<td>8</td>
							<td>0</td>
							<td>
									11.111%
							</td>
						</tr>
						<tr>
							<td>@Agent-Appointment</td>
							<td>1</td>
							<td>0</td>
							<td>0</td>
							<td>
									100%
							</td>
						</tr>
						<tr>
							<td>@Lien-Imposition</td>
							<td>1</td>
							<td>0</td>
							<td>0</td>
							<td>
									100%
							</td>
						</tr>
						<tr>
							<td>@Distraint-Action</td>
							<td>1</td>
							<td>0</td>
							<td>0</td>
							<td>
									100%
							</td>
						</tr>
						<tr>
							<td>@Distraint-Action-reject</td>
							<td>1</td>
							<td>0</td>
							<td>0</td>
							<td>
									100%
							</td>
						</tr>
						<tr>
							<td>@Enforcement-Suspension</td>
							<td>1</td>
							<td>0</td>
							<td>0</td>
							<td>
									100%
							</td>
						</tr>
						<tr>
							<td>@Legal-Action</td>
							<td>1</td>
							<td>0</td>
							<td>0</td>
							<td>
									100%
							</td>
						</tr>
						<tr>
							<td>@Agent-Appointment-close</td>
							<td>1</td>
							<td>0</td>
							<td>0</td>
							<td>
									100%
							</td>
						</tr>
						<tr>
							<td>@Verification_of_debt</td>
							<td>1</td>
							<td>0</td>
							<td>0</td>
							<td>
									100%
							</td>
						</tr>
						<tr>
							<td>@SUC:08-01</td>
							<td>1</td>
							<td>0</td>
							<td>0</td>
							<td>
									100%
							</td>
						</tr>
						<tr>
							<td>@UAT_M8-08-01-01</td>
							<td>1</td>
							<td>0</td>
							<td>0</td>
							<td>
									100%
							</td>
						</tr>
						<tr>
							<td>@UAT_M8-08-01-02</td>
							<td>1</td>
							<td>0</td>
							<td>0</td>
							<td>
									100%
							</td>
						</tr>
						<tr>
							<td>@Debt-Officer</td>
							<td>0</td>
							<td>1</td>
							<td>0</td>
							<td>
									0%
							</td>
						</tr>
						<tr>
							<td>@boom</td>
							<td>0</td>
							<td>1</td>
							<td>0</td>
							<td>
									0%
							</td>
						</tr>
						<tr>
							<td>@taxCollector</td>
							<td>0</td>
							<td>1</td>
							<td>0</td>
							<td>
									0%
							</td>
						</tr>
						<tr>
							<td>@stationmanager</td>
							<td>0</td>
							<td>1</td>
							<td>0</td>
							<td>
									0%
							</td>
						</tr>
						<tr>
							<td>@DeputyComOp</td>
							<td>0</td>
							<td>1</td>
							<td>0</td>
							<td>
									0%
							</td>
						</tr>
						<tr>
							<td>@DomTaxCom</td>
							<td>0</td>
							<td>1</td>
							<td>0</td>
							<td>
									0%
							</td>
						</tr>
						<tr>
							<td>@ComGen</td>
							<td>0</td>
							<td>1</td>
							<td>0</td>
							<td>
									0%
							</td>
						</tr>
						<tr>
							<td>@debtofficer</td>
							<td>0</td>
							<td>1</td>
							<td>0</td>
							<td>
									0%
							</td>
						</tr>
					</table>
				</div>
			</div>
		</div>
	</div>
</div>
<!-- dashboard view -->
<!-- testrunner-logs view -->		</div>
		<!-- container -->
		<script>
			var statusGroup = {
                parentCount: 2,
				passParent: 1,
				failParent: 1,
				fatalParent: 0,
				errorParent: 0,
				warningParent: 0,
				skipParent: 0,
				exceptionsParent: 1,
				childCount: 9,
				passChild: 1,
				failChild: 8,
				fatalChild: 0,
				errorChild: 0,
				warningChild: 0,
				skipChild: 0,
				infoChild: 0,
				debugChild: 0,
				exceptionsChild: 8,
				grandChildCount: 148,
				passGrandChild: 51,
				failGrandChild: 12,
				fatalGrandChild: 0,
				errorGrandChild: 0,
				warningGrandChild: 0,
				skipGrandChild: 85,
				infoGrandChild: 0,
				debugGrandChild: 0,
				exceptionsGrandChild: 97,
			};
		</script>
		<script>
			var timeline = {
			        "[SUC:08-03]-Create Debt Management Case":80.765,"[SUC:08-02] Maintain Debt Management Case":706.716
			};
		</script>
	
		  <script src='https://cdn.jsdelivr.net/gh/extent-framework/extent-github-cdn@ff53917fbbdb5ef820abbbe4d199a6942dc771ff/v3html/js/extent.js' type='text/javascript'></script>
		<script type='text/javascript'>
		</script>
	</body>
</html>